{"C:\\Users\\Admin\\Desktop\\subhanTraders-app\\controllers\\customersController.js": {"path":"C:\\Users\\Admin\\Desktop\\subhanTraders-app\\controllers\\customersController.js","all":false,"statementMap":{"0":{"start":{"line":1,"column":0},"end":{"line":1,"column":54}},"1":{"start":{"line":2,"column":0},"end":{"line":2,"column":0}},"2":{"start":{"line":3,"column":0},"end":{"line":3,"column":3}},"3":{"start":{"line":4,"column":0},"end":{"line":4,"column":22}},"4":{"start":{"line":5,"column":0},"end":{"line":5,"column":72}},"5":{"start":{"line":6,"column":0},"end":{"line":6,"column":3}},"6":{"start":{"line":7,"column":0},"end":{"line":7,"column":28}},"7":{"start":{"line":8,"column":0},"end":{"line":8,"column":5}},"8":{"start":{"line":9,"column":0},"end":{"line":9,"column":26}},"9":{"start":{"line":10,"column":0},"end":{"line":10,"column":31}},"10":{"start":{"line":11,"column":0},"end":{"line":11,"column":5}},"11":{"start":{"line":12,"column":0},"end":{"line":12,"column":39}},"12":{"start":{"line":13,"column":0},"end":{"line":13,"column":9}},"13":{"start":{"line":14,"column":0},"end":{"line":14,"column":77}},"14":{"start":{"line":15,"column":0},"end":{"line":15,"column":17}},"15":{"start":{"line":16,"column":0},"end":{"line":16,"column":0}},"16":{"start":{"line":17,"column":0},"end":{"line":17,"column":59}},"17":{"start":{"line":18,"column":0},"end":{"line":18,"column":55}},"18":{"start":{"line":19,"column":0},"end":{"line":19,"column":36}},"19":{"start":{"line":20,"column":0},"end":{"line":20,"column":9}},"20":{"start":{"line":21,"column":0},"end":{"line":21,"column":0}},"21":{"start":{"line":22,"column":0},"end":{"line":22,"column":29}},"22":{"start":{"line":23,"column":0},"end":{"line":23,"column":37}},"23":{"start":{"line":24,"column":0},"end":{"line":24,"column":25}},"24":{"start":{"line":25,"column":0},"end":{"line":25,"column":75}},"25":{"start":{"line":26,"column":0},"end":{"line":26,"column":11}},"26":{"start":{"line":27,"column":0},"end":{"line":27,"column":7}},"27":{"start":{"line":28,"column":0},"end":{"line":28,"column":0}},"28":{"start":{"line":29,"column":0},"end":{"line":29,"column":37}},"29":{"start":{"line":30,"column":0},"end":{"line":30,"column":14}},"30":{"start":{"line":31,"column":0},"end":{"line":31,"column":13}},"31":{"start":{"line":32,"column":0},"end":{"line":32,"column":15}},"32":{"start":{"line":33,"column":0},"end":{"line":33,"column":17}},"33":{"start":{"line":34,"column":0},"end":{"line":34,"column":38}},"34":{"start":{"line":35,"column":0},"end":{"line":35,"column":46}},"35":{"start":{"line":36,"column":0},"end":{"line":36,"column":19}},"36":{"start":{"line":37,"column":0},"end":{"line":37,"column":9}},"37":{"start":{"line":38,"column":0},"end":{"line":38,"column":0}},"38":{"start":{"line":39,"column":0},"end":{"line":39,"column":28}},"39":{"start":{"line":40,"column":0},"end":{"line":40,"column":0}},"40":{"start":{"line":41,"column":0},"end":{"line":41,"column":28}},"41":{"start":{"line":42,"column":0},"end":{"line":42,"column":22}},"42":{"start":{"line":43,"column":0},"end":{"line":43,"column":49}},"43":{"start":{"line":44,"column":0},"end":{"line":44,"column":23}},"44":{"start":{"line":45,"column":0},"end":{"line":45,"column":9}},"45":{"start":{"line":46,"column":0},"end":{"line":46,"column":21}},"46":{"start":{"line":47,"column":0},"end":{"line":47,"column":28}},"47":{"start":{"line":48,"column":0},"end":{"line":48,"column":23}},"48":{"start":{"line":49,"column":0},"end":{"line":49,"column":43}},"49":{"start":{"line":50,"column":0},"end":{"line":50,"column":29}},"50":{"start":{"line":51,"column":0},"end":{"line":51,"column":9}},"51":{"start":{"line":52,"column":0},"end":{"line":52,"column":5}},"52":{"start":{"line":53,"column":0},"end":{"line":53,"column":4}},"53":{"start":{"line":54,"column":0},"end":{"line":54,"column":0}},"54":{"start":{"line":55,"column":0},"end":{"line":55,"column":5}},"55":{"start":{"line":56,"column":0},"end":{"line":56,"column":22}},"56":{"start":{"line":57,"column":0},"end":{"line":57,"column":30}},"57":{"start":{"line":58,"column":0},"end":{"line":58,"column":5}},"58":{"start":{"line":59,"column":0},"end":{"line":59,"column":40}},"59":{"start":{"line":60,"column":0},"end":{"line":60,"column":9}},"60":{"start":{"line":61,"column":0},"end":{"line":61,"column":64}},"61":{"start":{"line":62,"column":0},"end":{"line":62,"column":0}},"62":{"start":{"line":63,"column":0},"end":{"line":63,"column":28}},"63":{"start":{"line":64,"column":0},"end":{"line":64,"column":22}},"64":{"start":{"line":65,"column":0},"end":{"line":65,"column":32}},"65":{"start":{"line":66,"column":0},"end":{"line":66,"column":24}},"66":{"start":{"line":67,"column":0},"end":{"line":67,"column":9}},"67":{"start":{"line":68,"column":0},"end":{"line":68,"column":21}},"68":{"start":{"line":69,"column":0},"end":{"line":69,"column":28}},"69":{"start":{"line":70,"column":0},"end":{"line":70,"column":23}},"70":{"start":{"line":71,"column":0},"end":{"line":71,"column":44}},"71":{"start":{"line":72,"column":0},"end":{"line":72,"column":29}},"72":{"start":{"line":73,"column":0},"end":{"line":73,"column":9}},"73":{"start":{"line":74,"column":0},"end":{"line":74,"column":5}},"74":{"start":{"line":75,"column":0},"end":{"line":75,"column":4}},"75":{"start":{"line":76,"column":0},"end":{"line":76,"column":0}},"76":{"start":{"line":77,"column":0},"end":{"line":77,"column":5}},"77":{"start":{"line":78,"column":0},"end":{"line":78,"column":23}},"78":{"start":{"line":79,"column":0},"end":{"line":79,"column":34}},"79":{"start":{"line":80,"column":0},"end":{"line":80,"column":5}},"80":{"start":{"line":81,"column":0},"end":{"line":81,"column":40}},"81":{"start":{"line":82,"column":0},"end":{"line":82,"column":9}},"82":{"start":{"line":83,"column":0},"end":{"line":83,"column":62}},"83":{"start":{"line":84,"column":0},"end":{"line":84,"column":0}},"84":{"start":{"line":85,"column":0},"end":{"line":85,"column":22}},"85":{"start":{"line":86,"column":0},"end":{"line":86,"column":37}},"86":{"start":{"line":87,"column":0},"end":{"line":87,"column":25}},"87":{"start":{"line":88,"column":0},"end":{"line":88,"column":40}},"88":{"start":{"line":89,"column":0},"end":{"line":89,"column":11}},"89":{"start":{"line":90,"column":0},"end":{"line":90,"column":7}},"90":{"start":{"line":91,"column":0},"end":{"line":91,"column":0}},"91":{"start":{"line":92,"column":0},"end":{"line":92,"column":28}},"92":{"start":{"line":93,"column":0},"end":{"line":93,"column":22}},"93":{"start":{"line":94,"column":0},"end":{"line":94,"column":23}},"94":{"start":{"line":95,"column":0},"end":{"line":95,"column":9}},"95":{"start":{"line":96,"column":0},"end":{"line":96,"column":21}},"96":{"start":{"line":97,"column":0},"end":{"line":97,"column":28}},"97":{"start":{"line":98,"column":0},"end":{"line":98,"column":23}},"98":{"start":{"line":99,"column":0},"end":{"line":99,"column":43}},"99":{"start":{"line":100,"column":0},"end":{"line":100,"column":29}},"100":{"start":{"line":101,"column":0},"end":{"line":101,"column":9}},"101":{"start":{"line":102,"column":0},"end":{"line":102,"column":5}},"102":{"start":{"line":103,"column":0},"end":{"line":103,"column":4}},"103":{"start":{"line":104,"column":0},"end":{"line":104,"column":0}},"104":{"start":{"line":105,"column":0},"end":{"line":105,"column":5}},"105":{"start":{"line":106,"column":0},"end":{"line":106,"column":20}},"106":{"start":{"line":107,"column":0},"end":{"line":107,"column":34}},"107":{"start":{"line":108,"column":0},"end":{"line":108,"column":5}},"108":{"start":{"line":109,"column":0},"end":{"line":109,"column":39}},"109":{"start":{"line":110,"column":0},"end":{"line":110,"column":9}},"110":{"start":{"line":111,"column":0},"end":{"line":111,"column":77}},"111":{"start":{"line":112,"column":0},"end":{"line":112,"column":17}},"112":{"start":{"line":113,"column":0},"end":{"line":113,"column":0}},"113":{"start":{"line":114,"column":0},"end":{"line":114,"column":88}},"114":{"start":{"line":115,"column":0},"end":{"line":115,"column":27}},"115":{"start":{"line":116,"column":0},"end":{"line":116,"column":23}},"116":{"start":{"line":117,"column":0},"end":{"line":117,"column":38}},"117":{"start":{"line":118,"column":0},"end":{"line":118,"column":18}},"118":{"start":{"line":119,"column":0},"end":{"line":119,"column":10}},"119":{"start":{"line":120,"column":0},"end":{"line":120,"column":0}},"120":{"start":{"line":121,"column":0},"end":{"line":121,"column":43}},"121":{"start":{"line":122,"column":0},"end":{"line":122,"column":47}},"122":{"start":{"line":123,"column":0},"end":{"line":123,"column":0}},"123":{"start":{"line":124,"column":0},"end":{"line":124,"column":35}},"124":{"start":{"line":125,"column":0},"end":{"line":125,"column":65}},"125":{"start":{"line":126,"column":0},"end":{"line":126,"column":0}},"126":{"start":{"line":127,"column":0},"end":{"line":127,"column":33}},"127":{"start":{"line":128,"column":0},"end":{"line":128,"column":41}},"128":{"start":{"line":129,"column":0},"end":{"line":129,"column":29}},"129":{"start":{"line":130,"column":0},"end":{"line":130,"column":78}},"130":{"start":{"line":131,"column":0},"end":{"line":131,"column":15}},"131":{"start":{"line":132,"column":0},"end":{"line":132,"column":11}},"132":{"start":{"line":133,"column":0},"end":{"line":133,"column":9}},"133":{"start":{"line":134,"column":0},"end":{"line":134,"column":7}},"134":{"start":{"line":135,"column":0},"end":{"line":135,"column":0}},"135":{"start":{"line":136,"column":0},"end":{"line":136,"column":56}},"136":{"start":{"line":137,"column":0},"end":{"line":137,"column":22}},"137":{"start":{"line":138,"column":0},"end":{"line":138,"column":9}},"138":{"start":{"line":139,"column":0},"end":{"line":139,"column":16}},"139":{"start":{"line":140,"column":0},"end":{"line":140,"column":15}},"140":{"start":{"line":141,"column":0},"end":{"line":141,"column":17}},"141":{"start":{"line":142,"column":0},"end":{"line":142,"column":19}},"142":{"start":{"line":143,"column":0},"end":{"line":143,"column":22}},"143":{"start":{"line":144,"column":0},"end":{"line":144,"column":26}},"144":{"start":{"line":145,"column":0},"end":{"line":145,"column":10}},"145":{"start":{"line":146,"column":0},"end":{"line":146,"column":42}},"146":{"start":{"line":147,"column":0},"end":{"line":147,"column":8}},"147":{"start":{"line":148,"column":0},"end":{"line":148,"column":0}},"148":{"start":{"line":149,"column":0},"end":{"line":149,"column":22}},"149":{"start":{"line":150,"column":0},"end":{"line":150,"column":37}},"150":{"start":{"line":151,"column":0},"end":{"line":151,"column":25}},"151":{"start":{"line":152,"column":0},"end":{"line":152,"column":40}},"152":{"start":{"line":153,"column":0},"end":{"line":153,"column":11}},"153":{"start":{"line":154,"column":0},"end":{"line":154,"column":7}},"154":{"start":{"line":155,"column":0},"end":{"line":155,"column":0}},"155":{"start":{"line":156,"column":0},"end":{"line":156,"column":28}},"156":{"start":{"line":157,"column":0},"end":{"line":157,"column":22}},"157":{"start":{"line":158,"column":0},"end":{"line":158,"column":49}},"158":{"start":{"line":159,"column":0},"end":{"line":159,"column":23}},"159":{"start":{"line":160,"column":0},"end":{"line":160,"column":9}},"160":{"start":{"line":161,"column":0},"end":{"line":161,"column":21}},"161":{"start":{"line":162,"column":0},"end":{"line":162,"column":28}},"162":{"start":{"line":163,"column":0},"end":{"line":163,"column":23}},"163":{"start":{"line":164,"column":0},"end":{"line":164,"column":43}},"164":{"start":{"line":165,"column":0},"end":{"line":165,"column":29}},"165":{"start":{"line":166,"column":0},"end":{"line":166,"column":9}},"166":{"start":{"line":167,"column":0},"end":{"line":167,"column":5}},"167":{"start":{"line":168,"column":0},"end":{"line":168,"column":4}},"168":{"start":{"line":169,"column":0},"end":{"line":169,"column":0}},"169":{"start":{"line":170,"column":0},"end":{"line":170,"column":5}},"170":{"start":{"line":171,"column":0},"end":{"line":171,"column":20}},"171":{"start":{"line":172,"column":0},"end":{"line":172,"column":37}},"172":{"start":{"line":173,"column":0},"end":{"line":173,"column":5}},"173":{"start":{"line":174,"column":0},"end":{"line":174,"column":39}},"174":{"start":{"line":175,"column":0},"end":{"line":175,"column":9}},"175":{"start":{"line":176,"column":0},"end":{"line":176,"column":71}},"176":{"start":{"line":177,"column":0},"end":{"line":177,"column":0}},"177":{"start":{"line":178,"column":0},"end":{"line":178,"column":22}},"178":{"start":{"line":179,"column":0},"end":{"line":179,"column":37}},"179":{"start":{"line":180,"column":0},"end":{"line":180,"column":25}},"180":{"start":{"line":181,"column":0},"end":{"line":181,"column":40}},"181":{"start":{"line":182,"column":0},"end":{"line":182,"column":11}},"182":{"start":{"line":183,"column":0},"end":{"line":183,"column":7}},"183":{"start":{"line":184,"column":0},"end":{"line":184,"column":0}},"184":{"start":{"line":185,"column":0},"end":{"line":185,"column":28}},"185":{"start":{"line":186,"column":0},"end":{"line":186,"column":22}},"186":{"start":{"line":187,"column":0},"end":{"line":187,"column":49}},"187":{"start":{"line":188,"column":0},"end":{"line":188,"column":9}},"188":{"start":{"line":189,"column":0},"end":{"line":189,"column":21}},"189":{"start":{"line":190,"column":0},"end":{"line":190,"column":28}},"190":{"start":{"line":191,"column":0},"end":{"line":191,"column":23}},"191":{"start":{"line":192,"column":0},"end":{"line":192,"column":43}},"192":{"start":{"line":193,"column":0},"end":{"line":193,"column":29}},"193":{"start":{"line":194,"column":0},"end":{"line":194,"column":9}},"194":{"start":{"line":195,"column":0},"end":{"line":195,"column":5}},"195":{"start":{"line":196,"column":0},"end":{"line":196,"column":4}},"196":{"start":{"line":197,"column":0},"end":{"line":197,"column":0}},"197":{"start":{"line":198,"column":0},"end":{"line":198,"column":5}},"198":{"start":{"line":199,"column":0},"end":{"line":199,"column":26}},"199":{"start":{"line":200,"column":0},"end":{"line":200,"column":41}},"200":{"start":{"line":201,"column":0},"end":{"line":201,"column":5}},"201":{"start":{"line":202,"column":0},"end":{"line":202,"column":42}},"202":{"start":{"line":203,"column":0},"end":{"line":203,"column":9}},"203":{"start":{"line":204,"column":0},"end":{"line":204,"column":79}},"204":{"start":{"line":205,"column":0},"end":{"line":205,"column":0}},"205":{"start":{"line":206,"column":0},"end":{"line":206,"column":22}},"206":{"start":{"line":207,"column":0},"end":{"line":207,"column":37}},"207":{"start":{"line":208,"column":0},"end":{"line":208,"column":25}},"208":{"start":{"line":209,"column":0},"end":{"line":209,"column":40}},"209":{"start":{"line":210,"column":0},"end":{"line":210,"column":11}},"210":{"start":{"line":211,"column":0},"end":{"line":211,"column":7}},"211":{"start":{"line":212,"column":0},"end":{"line":212,"column":0}},"212":{"start":{"line":213,"column":0},"end":{"line":213,"column":28}},"213":{"start":{"line":214,"column":0},"end":{"line":214,"column":22}},"214":{"start":{"line":215,"column":0},"end":{"line":215,"column":38}},"215":{"start":{"line":216,"column":0},"end":{"line":216,"column":30}},"216":{"start":{"line":217,"column":0},"end":{"line":217,"column":9}},"217":{"start":{"line":218,"column":0},"end":{"line":218,"column":21}},"218":{"start":{"line":219,"column":0},"end":{"line":219,"column":28}},"219":{"start":{"line":220,"column":0},"end":{"line":220,"column":23}},"220":{"start":{"line":221,"column":0},"end":{"line":221,"column":50}},"221":{"start":{"line":222,"column":0},"end":{"line":222,"column":29}},"222":{"start":{"line":223,"column":0},"end":{"line":223,"column":9}},"223":{"start":{"line":224,"column":0},"end":{"line":224,"column":5}},"224":{"start":{"line":225,"column":0},"end":{"line":225,"column":4}},"225":{"start":{"line":226,"column":0},"end":{"line":226,"column":0}},"226":{"start":{"line":227,"column":0},"end":{"line":227,"column":5}},"227":{"start":{"line":228,"column":0},"end":{"line":228,"column":26}},"228":{"start":{"line":229,"column":0},"end":{"line":229,"column":42}},"229":{"start":{"line":230,"column":0},"end":{"line":230,"column":5}},"230":{"start":{"line":231,"column":0},"end":{"line":231,"column":43}},"231":{"start":{"line":232,"column":0},"end":{"line":232,"column":9}},"232":{"start":{"line":233,"column":0},"end":{"line":233,"column":62}},"233":{"start":{"line":234,"column":0},"end":{"line":234,"column":0}},"234":{"start":{"line":235,"column":0},"end":{"line":235,"column":22}},"235":{"start":{"line":236,"column":0},"end":{"line":236,"column":37}},"236":{"start":{"line":237,"column":0},"end":{"line":237,"column":25}},"237":{"start":{"line":238,"column":0},"end":{"line":238,"column":40}},"238":{"start":{"line":239,"column":0},"end":{"line":239,"column":11}},"239":{"start":{"line":240,"column":0},"end":{"line":240,"column":7}},"240":{"start":{"line":241,"column":0},"end":{"line":241,"column":0}},"241":{"start":{"line":242,"column":0},"end":{"line":242,"column":32}},"242":{"start":{"line":243,"column":0},"end":{"line":243,"column":0}},"243":{"start":{"line":244,"column":0},"end":{"line":244,"column":45}},"244":{"start":{"line":245,"column":0},"end":{"line":245,"column":37}},"245":{"start":{"line":246,"column":0},"end":{"line":246,"column":0}},"246":{"start":{"line":247,"column":0},"end":{"line":247,"column":55}},"247":{"start":{"line":248,"column":0},"end":{"line":248,"column":37}},"248":{"start":{"line":249,"column":0},"end":{"line":249,"column":57}},"249":{"start":{"line":250,"column":0},"end":{"line":250,"column":7}},"250":{"start":{"line":251,"column":0},"end":{"line":251,"column":0}},"251":{"start":{"line":252,"column":0},"end":{"line":252,"column":28}},"252":{"start":{"line":253,"column":0},"end":{"line":253,"column":0}},"253":{"start":{"line":254,"column":0},"end":{"line":254,"column":28}},"254":{"start":{"line":255,"column":0},"end":{"line":255,"column":22}},"255":{"start":{"line":256,"column":0},"end":{"line":256,"column":56}},"256":{"start":{"line":257,"column":0},"end":{"line":257,"column":58}},"257":{"start":{"line":258,"column":0},"end":{"line":258,"column":9}},"258":{"start":{"line":259,"column":0},"end":{"line":259,"column":21}},"259":{"start":{"line":260,"column":0},"end":{"line":260,"column":28}},"260":{"start":{"line":261,"column":0},"end":{"line":261,"column":23}},"261":{"start":{"line":262,"column":0},"end":{"line":262,"column":50}},"262":{"start":{"line":263,"column":0},"end":{"line":263,"column":29}},"263":{"start":{"line":264,"column":0},"end":{"line":264,"column":9}},"264":{"start":{"line":265,"column":0},"end":{"line":265,"column":5}},"265":{"start":{"line":266,"column":0},"end":{"line":266,"column":4}},"266":{"start":{"line":267,"column":0},"end":{"line":267,"column":0}},"267":{"start":{"line":268,"column":0},"end":{"line":268,"column":5}},"268":{"start":{"line":269,"column":0},"end":{"line":269,"column":26}},"269":{"start":{"line":270,"column":0},"end":{"line":270,"column":50}},"270":{"start":{"line":271,"column":0},"end":{"line":271,"column":5}},"271":{"start":{"line":272,"column":0},"end":{"line":272,"column":44}},"272":{"start":{"line":273,"column":0},"end":{"line":273,"column":9}},"273":{"start":{"line":274,"column":0},"end":{"line":274,"column":62}},"274":{"start":{"line":275,"column":0},"end":{"line":275,"column":0}},"275":{"start":{"line":276,"column":0},"end":{"line":276,"column":22}},"276":{"start":{"line":277,"column":0},"end":{"line":277,"column":37}},"277":{"start":{"line":278,"column":0},"end":{"line":278,"column":25}},"278":{"start":{"line":279,"column":0},"end":{"line":279,"column":40}},"279":{"start":{"line":280,"column":0},"end":{"line":280,"column":11}},"280":{"start":{"line":281,"column":0},"end":{"line":281,"column":7}},"281":{"start":{"line":282,"column":0},"end":{"line":282,"column":0}},"282":{"start":{"line":283,"column":0},"end":{"line":283,"column":51}},"283":{"start":{"line":284,"column":0},"end":{"line":284,"column":62}},"284":{"start":{"line":285,"column":0},"end":{"line":285,"column":8}},"285":{"start":{"line":286,"column":0},"end":{"line":286,"column":0}},"286":{"start":{"line":287,"column":0},"end":{"line":287,"column":30}},"287":{"start":{"line":288,"column":0},"end":{"line":288,"column":37}},"288":{"start":{"line":289,"column":0},"end":{"line":289,"column":25}},"289":{"start":{"line":290,"column":0},"end":{"line":290,"column":55}},"290":{"start":{"line":291,"column":0},"end":{"line":291,"column":11}},"291":{"start":{"line":292,"column":0},"end":{"line":292,"column":7}},"292":{"start":{"line":293,"column":0},"end":{"line":293,"column":0}},"293":{"start":{"line":294,"column":0},"end":{"line":294,"column":61}},"294":{"start":{"line":295,"column":0},"end":{"line":295,"column":73}},"295":{"start":{"line":296,"column":0},"end":{"line":296,"column":0}},"296":{"start":{"line":297,"column":0},"end":{"line":297,"column":28}},"297":{"start":{"line":298,"column":0},"end":{"line":298,"column":36}},"298":{"start":{"line":299,"column":0},"end":{"line":299,"column":50}},"299":{"start":{"line":300,"column":0},"end":{"line":300,"column":61}},"300":{"start":{"line":301,"column":0},"end":{"line":301,"column":9}},"301":{"start":{"line":302,"column":0},"end":{"line":302,"column":0}},"302":{"start":{"line":303,"column":0},"end":{"line":303,"column":66}},"303":{"start":{"line":304,"column":0},"end":{"line":304,"column":70}},"304":{"start":{"line":305,"column":0},"end":{"line":305,"column":34}},"305":{"start":{"line":306,"column":0},"end":{"line":306,"column":36}},"306":{"start":{"line":307,"column":0},"end":{"line":307,"column":25}},"307":{"start":{"line":308,"column":0},"end":{"line":308,"column":50}},"308":{"start":{"line":309,"column":0},"end":{"line":309,"column":7}},"309":{"start":{"line":310,"column":0},"end":{"line":310,"column":0}},"310":{"start":{"line":311,"column":0},"end":{"line":311,"column":28}},"311":{"start":{"line":312,"column":0},"end":{"line":312,"column":0}},"312":{"start":{"line":313,"column":0},"end":{"line":313,"column":28}},"313":{"start":{"line":314,"column":0},"end":{"line":314,"column":22}},"314":{"start":{"line":315,"column":0},"end":{"line":315,"column":46}},"315":{"start":{"line":316,"column":0},"end":{"line":316,"column":42}},"316":{"start":{"line":317,"column":0},"end":{"line":317,"column":9}},"317":{"start":{"line":318,"column":0},"end":{"line":318,"column":21}},"318":{"start":{"line":319,"column":0},"end":{"line":319,"column":28}},"319":{"start":{"line":320,"column":0},"end":{"line":320,"column":23}},"320":{"start":{"line":321,"column":0},"end":{"line":321,"column":49}},"321":{"start":{"line":322,"column":0},"end":{"line":322,"column":29}},"322":{"start":{"line":323,"column":0},"end":{"line":323,"column":9}},"323":{"start":{"line":324,"column":0},"end":{"line":324,"column":5}},"324":{"start":{"line":325,"column":0},"end":{"line":325,"column":4}},"325":{"start":{"line":326,"column":0},"end":{"line":326,"column":0}},"326":{"start":{"line":327,"column":0},"end":{"line":327,"column":5}},"327":{"start":{"line":328,"column":0},"end":{"line":328,"column":26}},"328":{"start":{"line":329,"column":0},"end":{"line":329,"column":53}},"329":{"start":{"line":330,"column":0},"end":{"line":330,"column":5}},"330":{"start":{"line":331,"column":0},"end":{"line":331,"column":44}},"331":{"start":{"line":332,"column":0},"end":{"line":332,"column":9}},"332":{"start":{"line":333,"column":0},"end":{"line":333,"column":62}},"333":{"start":{"line":334,"column":0},"end":{"line":334,"column":0}},"334":{"start":{"line":335,"column":0},"end":{"line":335,"column":22}},"335":{"start":{"line":336,"column":0},"end":{"line":336,"column":37}},"336":{"start":{"line":337,"column":0},"end":{"line":337,"column":25}},"337":{"start":{"line":338,"column":0},"end":{"line":338,"column":40}},"338":{"start":{"line":339,"column":0},"end":{"line":339,"column":11}},"339":{"start":{"line":340,"column":0},"end":{"line":340,"column":7}},"340":{"start":{"line":341,"column":0},"end":{"line":341,"column":0}},"341":{"start":{"line":342,"column":0},"end":{"line":342,"column":51}},"342":{"start":{"line":343,"column":0},"end":{"line":343,"column":62}},"343":{"start":{"line":344,"column":0},"end":{"line":344,"column":8}},"344":{"start":{"line":345,"column":0},"end":{"line":345,"column":0}},"345":{"start":{"line":346,"column":0},"end":{"line":346,"column":30}},"346":{"start":{"line":347,"column":0},"end":{"line":347,"column":37}},"347":{"start":{"line":348,"column":0},"end":{"line":348,"column":25}},"348":{"start":{"line":349,"column":0},"end":{"line":349,"column":55}},"349":{"start":{"line":350,"column":0},"end":{"line":350,"column":11}},"350":{"start":{"line":351,"column":0},"end":{"line":351,"column":7}},"351":{"start":{"line":352,"column":0},"end":{"line":352,"column":0}},"352":{"start":{"line":353,"column":0},"end":{"line":353,"column":34}},"353":{"start":{"line":354,"column":0},"end":{"line":354,"column":70}},"354":{"start":{"line":355,"column":0},"end":{"line":355,"column":45}},"355":{"start":{"line":356,"column":0},"end":{"line":356,"column":0}},"356":{"start":{"line":357,"column":0},"end":{"line":357,"column":21}},"357":{"start":{"line":358,"column":0},"end":{"line":358,"column":44}},"358":{"start":{"line":359,"column":0},"end":{"line":359,"column":0}},"359":{"start":{"line":360,"column":0},"end":{"line":360,"column":28}},"360":{"start":{"line":361,"column":0},"end":{"line":361,"column":0}},"361":{"start":{"line":362,"column":0},"end":{"line":362,"column":28}},"362":{"start":{"line":363,"column":0},"end":{"line":363,"column":22}},"363":{"start":{"line":364,"column":0},"end":{"line":364,"column":60}},"364":{"start":{"line":365,"column":0},"end":{"line":365,"column":9}},"365":{"start":{"line":366,"column":0},"end":{"line":366,"column":21}},"366":{"start":{"line":367,"column":0},"end":{"line":367,"column":28}},"367":{"start":{"line":368,"column":0},"end":{"line":368,"column":23}},"368":{"start":{"line":369,"column":0},"end":{"line":369,"column":54}},"369":{"start":{"line":370,"column":0},"end":{"line":370,"column":29}},"370":{"start":{"line":371,"column":0},"end":{"line":371,"column":9}},"371":{"start":{"line":372,"column":0},"end":{"line":372,"column":5}},"372":{"start":{"line":373,"column":0},"end":{"line":373,"column":4}},"373":{"start":{"line":374,"column":0},"end":{"line":374,"column":0}},"374":{"start":{"line":375,"column":0},"end":{"line":375,"column":5}},"375":{"start":{"line":376,"column":0},"end":{"line":376,"column":28}},"376":{"start":{"line":377,"column":0},"end":{"line":377,"column":42}},"377":{"start":{"line":378,"column":0},"end":{"line":378,"column":5}},"378":{"start":{"line":379,"column":0},"end":{"line":379,"column":46}},"379":{"start":{"line":380,"column":0},"end":{"line":380,"column":9}},"380":{"start":{"line":381,"column":0},"end":{"line":381,"column":41}},"381":{"start":{"line":382,"column":0},"end":{"line":382,"column":0}},"382":{"start":{"line":383,"column":0},"end":{"line":383,"column":73}},"383":{"start":{"line":384,"column":0},"end":{"line":384,"column":37}},"384":{"start":{"line":385,"column":0},"end":{"line":385,"column":25}},"385":{"start":{"line":386,"column":0},"end":{"line":386,"column":54}},"386":{"start":{"line":387,"column":0},"end":{"line":387,"column":11}},"387":{"start":{"line":388,"column":0},"end":{"line":388,"column":7}},"388":{"start":{"line":389,"column":0},"end":{"line":389,"column":0}},"389":{"start":{"line":390,"column":0},"end":{"line":390,"column":62}},"390":{"start":{"line":391,"column":0},"end":{"line":391,"column":0}},"391":{"start":{"line":392,"column":0},"end":{"line":392,"column":22}},"392":{"start":{"line":393,"column":0},"end":{"line":393,"column":37}},"393":{"start":{"line":394,"column":0},"end":{"line":394,"column":25}},"394":{"start":{"line":395,"column":0},"end":{"line":395,"column":40}},"395":{"start":{"line":396,"column":0},"end":{"line":396,"column":11}},"396":{"start":{"line":397,"column":0},"end":{"line":397,"column":7}},"397":{"start":{"line":398,"column":0},"end":{"line":398,"column":0}},"398":{"start":{"line":399,"column":0},"end":{"line":399,"column":44}},"399":{"start":{"line":400,"column":0},"end":{"line":400,"column":52}},"400":{"start":{"line":401,"column":0},"end":{"line":401,"column":42}},"401":{"start":{"line":402,"column":0},"end":{"line":402,"column":10}},"402":{"start":{"line":403,"column":0},"end":{"line":403,"column":56}},"403":{"start":{"line":404,"column":0},"end":{"line":404,"column":8}},"404":{"start":{"line":405,"column":0},"end":{"line":405,"column":0}},"405":{"start":{"line":406,"column":0},"end":{"line":406,"column":28}},"406":{"start":{"line":407,"column":0},"end":{"line":407,"column":0}},"407":{"start":{"line":408,"column":0},"end":{"line":408,"column":28}},"408":{"start":{"line":409,"column":0},"end":{"line":409,"column":22}},"409":{"start":{"line":410,"column":0},"end":{"line":410,"column":57}},"410":{"start":{"line":411,"column":0},"end":{"line":411,"column":15}},"411":{"start":{"line":412,"column":0},"end":{"line":412,"column":44}},"412":{"start":{"line":413,"column":0},"end":{"line":413,"column":52}},"413":{"start":{"line":414,"column":0},"end":{"line":414,"column":10}},"414":{"start":{"line":415,"column":0},"end":{"line":415,"column":9}},"415":{"start":{"line":416,"column":0},"end":{"line":416,"column":21}},"416":{"start":{"line":417,"column":0},"end":{"line":417,"column":28}},"417":{"start":{"line":418,"column":0},"end":{"line":418,"column":23}},"418":{"start":{"line":419,"column":0},"end":{"line":419,"column":51}},"419":{"start":{"line":420,"column":0},"end":{"line":420,"column":29}},"420":{"start":{"line":421,"column":0},"end":{"line":421,"column":9}},"421":{"start":{"line":422,"column":0},"end":{"line":422,"column":5}},"422":{"start":{"line":423,"column":0},"end":{"line":423,"column":4}},"423":{"start":{"line":424,"column":0},"end":{"line":424,"column":0}},"424":{"start":{"line":425,"column":0},"end":{"line":425,"column":5}},"425":{"start":{"line":426,"column":0},"end":{"line":426,"column":44}},"426":{"start":{"line":427,"column":0},"end":{"line":427,"column":37}},"427":{"start":{"line":428,"column":0},"end":{"line":428,"column":5}},"428":{"start":{"line":429,"column":0},"end":{"line":429,"column":40}},"429":{"start":{"line":430,"column":0},"end":{"line":430,"column":9}},"430":{"start":{"line":431,"column":0},"end":{"line":431,"column":34}},"431":{"start":{"line":432,"column":0},"end":{"line":432,"column":0}},"432":{"start":{"line":433,"column":0},"end":{"line":433,"column":19}},"433":{"start":{"line":434,"column":0},"end":{"line":434,"column":37}},"434":{"start":{"line":435,"column":0},"end":{"line":435,"column":25}},"435":{"start":{"line":436,"column":0},"end":{"line":436,"column":46}},"436":{"start":{"line":437,"column":0},"end":{"line":437,"column":11}},"437":{"start":{"line":438,"column":0},"end":{"line":438,"column":7}},"438":{"start":{"line":439,"column":0},"end":{"line":439,"column":0}},"439":{"start":{"line":440,"column":0},"end":{"line":440,"column":45}},"440":{"start":{"line":441,"column":0},"end":{"line":441,"column":14}},"441":{"start":{"line":442,"column":0},"end":{"line":442,"column":54}},"442":{"start":{"line":443,"column":0},"end":{"line":443,"column":53}},"443":{"start":{"line":444,"column":0},"end":{"line":444,"column":55}},"444":{"start":{"line":445,"column":0},"end":{"line":445,"column":10}},"445":{"start":{"line":446,"column":0},"end":{"line":446,"column":27}},"446":{"start":{"line":447,"column":0},"end":{"line":447,"column":0}},"447":{"start":{"line":448,"column":0},"end":{"line":448,"column":28}},"448":{"start":{"line":449,"column":0},"end":{"line":449,"column":22}},"449":{"start":{"line":450,"column":0},"end":{"line":450,"column":32}},"450":{"start":{"line":451,"column":0},"end":{"line":451,"column":24}},"451":{"start":{"line":452,"column":0},"end":{"line":452,"column":9}},"452":{"start":{"line":453,"column":0},"end":{"line":453,"column":21}},"453":{"start":{"line":454,"column":0},"end":{"line":454,"column":28}},"454":{"start":{"line":455,"column":0},"end":{"line":455,"column":23}},"455":{"start":{"line":456,"column":0},"end":{"line":456,"column":45}},"456":{"start":{"line":457,"column":0},"end":{"line":457,"column":29}},"457":{"start":{"line":458,"column":0},"end":{"line":458,"column":9}},"458":{"start":{"line":459,"column":0},"end":{"line":459,"column":5}},"459":{"start":{"line":460,"column":0},"end":{"line":460,"column":4}},"460":{"start":{"line":461,"column":0},"end":{"line":461,"column":0}},"461":{"start":{"line":462,"column":0},"end":{"line":462,"column":5}},"462":{"start":{"line":463,"column":0},"end":{"line":463,"column":43}},"463":{"start":{"line":464,"column":0},"end":{"line":464,"column":42}},"464":{"start":{"line":465,"column":0},"end":{"line":465,"column":5}},"465":{"start":{"line":466,"column":0},"end":{"line":466,"column":59}},"466":{"start":{"line":467,"column":0},"end":{"line":467,"column":9}},"467":{"start":{"line":468,"column":0},"end":{"line":468,"column":45}},"468":{"start":{"line":469,"column":0},"end":{"line":469,"column":36}},"469":{"start":{"line":470,"column":0},"end":{"line":470,"column":8}},"470":{"start":{"line":471,"column":0},"end":{"line":471,"column":26}},"471":{"start":{"line":472,"column":0},"end":{"line":472,"column":39}},"472":{"start":{"line":473,"column":0},"end":{"line":473,"column":0}},"473":{"start":{"line":474,"column":0},"end":{"line":474,"column":28}},"474":{"start":{"line":475,"column":0},"end":{"line":475,"column":22}},"475":{"start":{"line":476,"column":0},"end":{"line":476,"column":32}},"476":{"start":{"line":477,"column":0},"end":{"line":477,"column":24}},"477":{"start":{"line":478,"column":0},"end":{"line":478,"column":9}},"478":{"start":{"line":479,"column":0},"end":{"line":479,"column":21}},"479":{"start":{"line":480,"column":0},"end":{"line":480,"column":28}},"480":{"start":{"line":481,"column":0},"end":{"line":481,"column":23}},"481":{"start":{"line":482,"column":0},"end":{"line":482,"column":69}},"482":{"start":{"line":483,"column":0},"end":{"line":483,"column":29}},"483":{"start":{"line":484,"column":0},"end":{"line":484,"column":9}},"484":{"start":{"line":485,"column":0},"end":{"line":485,"column":5}},"485":{"start":{"line":486,"column":0},"end":{"line":486,"column":4}},"486":{"start":{"line":487,"column":0},"end":{"line":487,"column":2}},"487":{"start":{"line":488,"column":0},"end":{"line":488,"column":0}},"488":{"start":{"line":489,"column":0},"end":{"line":489,"column":36}}},"s":{"0":1,"1":1,"2":1,"3":1,"4":1,"5":1,"6":1,"7":1,"8":1,"9":1,"10":1,"11":1,"12":3,"13":3,"14":3,"15":3,"16":3,"17":3,"18":3,"19":3,"20":3,"21":3,"22":1,"23":1,"24":1,"25":1,"26":1,"27":2,"28":2,"29":2,"30":2,"31":2,"32":2,"33":3,"34":3,"35":3,"36":3,"37":3,"38":3,"39":2,"40":2,"41":2,"42":2,"43":2,"44":2,"45":3,"46":0,"47":0,"48":0,"49":0,"50":0,"51":0,"52":1,"53":1,"54":1,"55":1,"56":1,"57":1,"58":1,"59":1,"60":1,"61":1,"62":1,"63":1,"64":1,"65":1,"66":1,"67":1,"68":0,"69":0,"70":0,"71":0,"72":0,"73":0,"74":1,"75":1,"76":1,"77":1,"78":1,"79":1,"80":1,"81":2,"82":2,"83":2,"84":2,"85":1,"86":1,"87":1,"88":1,"89":1,"90":1,"91":1,"92":1,"93":1,"94":1,"95":2,"96":0,"97":0,"98":0,"99":0,"100":0,"101":0,"102":1,"103":1,"104":1,"105":1,"106":1,"107":1,"108":1,"109":2,"110":2,"111":2,"112":2,"113":2,"114":2,"115":1,"116":1,"117":1,"118":1,"119":1,"120":1,"121":1,"122":1,"123":1,"124":1,"125":1,"126":1,"127":1,"128":1,"129":1,"130":1,"131":1,"132":1,"133":1,"134":1,"135":1,"136":1,"137":1,"138":1,"139":1,"140":1,"141":1,"142":1,"143":1,"144":1,"145":1,"146":1,"147":1,"148":2,"149":0,"150":0,"151":0,"152":0,"153":0,"154":1,"155":1,"156":1,"157":1,"158":1,"159":1,"160":2,"161":0,"162":0,"163":0,"164":0,"165":0,"166":0,"167":1,"168":1,"169":1,"170":1,"171":1,"172":1,"173":1,"174":1,"175":1,"176":1,"177":1,"178":0,"179":0,"180":0,"181":0,"182":0,"183":1,"184":1,"185":1,"186":1,"187":1,"188":1,"189":0,"190":0,"191":0,"192":0,"193":0,"194":0,"195":1,"196":1,"197":1,"198":1,"199":1,"200":1,"201":1,"202":1,"203":1,"204":1,"205":1,"206":0,"207":0,"208":0,"209":0,"210":0,"211":1,"212":1,"213":1,"214":1,"215":1,"216":1,"217":1,"218":1,"219":1,"220":1,"221":1,"222":1,"223":1,"224":1,"225":1,"226":1,"227":1,"228":1,"229":1,"230":1,"231":1,"232":1,"233":1,"234":1,"235":0,"236":0,"237":0,"238":0,"239":0,"240":1,"241":1,"242":1,"243":1,"244":1,"245":1,"246":1,"247":1,"248":0,"249":0,"250":0,"251":0,"252":0,"253":0,"254":0,"255":0,"256":0,"257":0,"258":1,"259":1,"260":1,"261":1,"262":1,"263":1,"264":1,"265":1,"266":1,"267":1,"268":1,"269":1,"270":1,"271":1,"272":1,"273":1,"274":1,"275":1,"276":0,"277":0,"278":0,"279":0,"280":0,"281":1,"282":1,"283":1,"284":1,"285":1,"286":1,"287":0,"288":0,"289":0,"290":0,"291":0,"292":0,"293":0,"294":1,"295":1,"296":1,"297":1,"298":1,"299":0,"300":1,"301":1,"302":1,"303":1,"304":0,"305":0,"306":0,"307":0,"308":0,"309":0,"310":0,"311":0,"312":0,"313":0,"314":0,"315":0,"316":0,"317":1,"318":1,"319":1,"320":1,"321":1,"322":1,"323":1,"324":1,"325":1,"326":1,"327":1,"328":1,"329":1,"330":1,"331":0,"332":0,"333":0,"334":0,"335":0,"336":0,"337":0,"338":0,"339":0,"340":0,"341":0,"342":0,"343":0,"344":0,"345":0,"346":0,"347":0,"348":0,"349":0,"350":0,"351":0,"352":0,"353":0,"354":0,"355":0,"356":0,"357":0,"358":0,"359":0,"360":0,"361":0,"362":0,"363":0,"364":0,"365":0,"366":0,"367":0,"368":0,"369":0,"370":0,"371":0,"372":1,"373":1,"374":1,"375":1,"376":1,"377":1,"378":1,"379":3,"380":3,"381":3,"382":3,"383":1,"384":1,"385":1,"386":1,"387":1,"388":2,"389":2,"390":2,"391":3,"392":0,"393":0,"394":0,"395":0,"396":0,"397":2,"398":2,"399":2,"400":2,"401":2,"402":2,"403":2,"404":2,"405":2,"406":2,"407":2,"408":2,"409":2,"410":2,"411":2,"412":2,"413":2,"414":2,"415":3,"416":0,"417":0,"418":0,"419":0,"420":0,"421":0,"422":1,"423":1,"424":1,"425":1,"426":1,"427":1,"428":1,"429":3,"430":3,"431":3,"432":3,"433":1,"434":1,"435":1,"436":1,"437":1,"438":2,"439":2,"440":2,"441":2,"442":2,"443":2,"444":2,"445":2,"446":2,"447":2,"448":2,"449":2,"450":2,"451":2,"452":3,"453":0,"454":0,"455":0,"456":0,"457":0,"458":0,"459":1,"460":1,"461":1,"462":1,"463":1,"464":1,"465":1,"466":1,"467":1,"468":1,"469":1,"470":1,"471":1,"472":1,"473":1,"474":1,"475":1,"476":1,"477":1,"478":1,"479":0,"480":0,"481":0,"482":0,"483":0,"484":0,"485":1,"486":1,"487":1,"488":1},"branchMap":{"0":{"type":"branch","line":12,"loc":{"start":{"line":12,"column":18},"end":{"line":53,"column":3}},"locations":[{"start":{"line":12,"column":18},"end":{"line":53,"column":3}}]},"1":{"type":"branch","line":22,"loc":{"start":{"line":22,"column":28},"end":{"line":27,"column":7}},"locations":[{"start":{"line":22,"column":28},"end":{"line":27,"column":7}}]},"2":{"type":"branch","line":27,"loc":{"start":{"line":27,"column":6},"end":{"line":34,"column":36}},"locations":[{"start":{"line":27,"column":6},"end":{"line":34,"column":36}}]},"3":{"type":"branch","line":34,"loc":{"start":{"line":34,"column":32},"end":{"line":34,"column":37}},"locations":[{"start":{"line":34,"column":32},"end":{"line":34,"column":37}}]},"4":{"type":"branch","line":35,"loc":{"start":{"line":35,"column":40},"end":{"line":35,"column":45}},"locations":[{"start":{"line":35,"column":40},"end":{"line":35,"column":45}}]},"5":{"type":"branch","line":39,"loc":{"start":{"line":39,"column":27},"end":{"line":46,"column":6}},"locations":[{"start":{"line":39,"column":27},"end":{"line":46,"column":6}}]},"6":{"type":"branch","line":46,"loc":{"start":{"line":46,"column":6},"end":{"line":52,"column":5}},"locations":[{"start":{"line":46,"column":6},"end":{"line":52,"column":5}}]},"7":{"type":"branch","line":59,"loc":{"start":{"line":59,"column":19},"end":{"line":75,"column":3}},"locations":[{"start":{"line":59,"column":19},"end":{"line":75,"column":3}}]},"8":{"type":"branch","line":68,"loc":{"start":{"line":68,"column":6},"end":{"line":74,"column":5}},"locations":[{"start":{"line":68,"column":6},"end":{"line":74,"column":5}}]},"9":{"type":"branch","line":81,"loc":{"start":{"line":81,"column":19},"end":{"line":103,"column":3}},"locations":[{"start":{"line":81,"column":19},"end":{"line":103,"column":3}}]},"10":{"type":"branch","line":85,"loc":{"start":{"line":85,"column":21},"end":{"line":96,"column":6}},"locations":[{"start":{"line":85,"column":21},"end":{"line":96,"column":6}}]},"11":{"type":"branch","line":96,"loc":{"start":{"line":96,"column":6},"end":{"line":102,"column":5}},"locations":[{"start":{"line":96,"column":6},"end":{"line":102,"column":5}}]},"12":{"type":"branch","line":109,"loc":{"start":{"line":109,"column":18},"end":{"line":168,"column":3}},"locations":[{"start":{"line":109,"column":18},"end":{"line":168,"column":3}}]},"13":{"type":"branch","line":115,"loc":{"start":{"line":115,"column":14},"end":{"line":115,"column":24}},"locations":[{"start":{"line":115,"column":14},"end":{"line":115,"column":24}}]},"14":{"type":"branch","line":115,"loc":{"start":{"line":115,"column":26},"end":{"line":149,"column":21}},"locations":[{"start":{"line":115,"column":26},"end":{"line":149,"column":21}}]},"15":{"type":"branch","line":122,"loc":{"start":{"line":122,"column":20},"end":{"line":122,"column":47}},"locations":[{"start":{"line":122,"column":20},"end":{"line":122,"column":47}}]},"16":{"type":"branch","line":149,"loc":{"start":{"line":149,"column":21},"end":{"line":154,"column":7}},"locations":[{"start":{"line":149,"column":21},"end":{"line":154,"column":7}}]},"17":{"type":"branch","line":154,"loc":{"start":{"line":154,"column":6},"end":{"line":161,"column":6}},"locations":[{"start":{"line":154,"column":6},"end":{"line":161,"column":6}}]},"18":{"type":"branch","line":161,"loc":{"start":{"line":161,"column":6},"end":{"line":167,"column":5}},"locations":[{"start":{"line":161,"column":6},"end":{"line":167,"column":5}}]},"19":{"type":"branch","line":174,"loc":{"start":{"line":174,"column":18},"end":{"line":196,"column":3}},"locations":[{"start":{"line":174,"column":18},"end":{"line":196,"column":3}}]},"20":{"type":"branch","line":178,"loc":{"start":{"line":178,"column":21},"end":{"line":183,"column":7}},"locations":[{"start":{"line":178,"column":21},"end":{"line":183,"column":7}}]},"21":{"type":"branch","line":189,"loc":{"start":{"line":189,"column":6},"end":{"line":195,"column":5}},"locations":[{"start":{"line":189,"column":6},"end":{"line":195,"column":5}}]},"22":{"type":"branch","line":202,"loc":{"start":{"line":202,"column":21},"end":{"line":225,"column":3}},"locations":[{"start":{"line":202,"column":21},"end":{"line":225,"column":3}}]},"23":{"type":"branch","line":206,"loc":{"start":{"line":206,"column":21},"end":{"line":211,"column":7}},"locations":[{"start":{"line":206,"column":21},"end":{"line":211,"column":7}}]},"24":{"type":"branch","line":231,"loc":{"start":{"line":231,"column":22},"end":{"line":266,"column":3}},"locations":[{"start":{"line":231,"column":22},"end":{"line":266,"column":3}}]},"25":{"type":"branch","line":235,"loc":{"start":{"line":235,"column":21},"end":{"line":240,"column":7}},"locations":[{"start":{"line":235,"column":21},"end":{"line":240,"column":7}}]},"26":{"type":"branch","line":248,"loc":{"start":{"line":248,"column":36},"end":{"line":259,"column":6}},"locations":[{"start":{"line":248,"column":36},"end":{"line":259,"column":6}}]},"27":{"type":"branch","line":272,"loc":{"start":{"line":272,"column":23},"end":{"line":325,"column":3}},"locations":[{"start":{"line":272,"column":23},"end":{"line":325,"column":3}}]},"28":{"type":"branch","line":276,"loc":{"start":{"line":276,"column":21},"end":{"line":281,"column":7}},"locations":[{"start":{"line":276,"column":21},"end":{"line":281,"column":7}}]},"29":{"type":"branch","line":287,"loc":{"start":{"line":287,"column":29},"end":{"line":295,"column":72}},"locations":[{"start":{"line":287,"column":29},"end":{"line":295,"column":72}}]},"30":{"type":"branch","line":304,"loc":{"start":{"line":304,"column":69},"end":{"line":318,"column":6}},"locations":[{"start":{"line":304,"column":69},"end":{"line":318,"column":6}}]},"31":{"type":"branch","line":379,"loc":{"start":{"line":379,"column":25},"end":{"line":423,"column":3}},"locations":[{"start":{"line":379,"column":25},"end":{"line":423,"column":3}}]},"32":{"type":"branch","line":383,"loc":{"start":{"line":383,"column":72},"end":{"line":388,"column":7}},"locations":[{"start":{"line":383,"column":72},"end":{"line":388,"column":7}}]},"33":{"type":"branch","line":388,"loc":{"start":{"line":388,"column":6},"end":{"line":392,"column":21}},"locations":[{"start":{"line":388,"column":6},"end":{"line":392,"column":21}}]},"34":{"type":"branch","line":392,"loc":{"start":{"line":392,"column":21},"end":{"line":397,"column":7}},"locations":[{"start":{"line":392,"column":21},"end":{"line":397,"column":7}}]},"35":{"type":"branch","line":397,"loc":{"start":{"line":397,"column":6},"end":{"line":416,"column":6}},"locations":[{"start":{"line":397,"column":6},"end":{"line":416,"column":6}}]},"36":{"type":"branch","line":416,"loc":{"start":{"line":416,"column":6},"end":{"line":422,"column":5}},"locations":[{"start":{"line":416,"column":6},"end":{"line":422,"column":5}}]},"37":{"type":"branch","line":429,"loc":{"start":{"line":429,"column":19},"end":{"line":460,"column":3}},"locations":[{"start":{"line":429,"column":19},"end":{"line":460,"column":3}}]},"38":{"type":"branch","line":433,"loc":{"start":{"line":433,"column":18},"end":{"line":438,"column":7}},"locations":[{"start":{"line":433,"column":18},"end":{"line":438,"column":7}}]},"39":{"type":"branch","line":438,"loc":{"start":{"line":438,"column":6},"end":{"line":453,"column":6}},"locations":[{"start":{"line":438,"column":6},"end":{"line":453,"column":6}}]},"40":{"type":"branch","line":453,"loc":{"start":{"line":453,"column":6},"end":{"line":459,"column":5}},"locations":[{"start":{"line":453,"column":6},"end":{"line":459,"column":5}}]},"41":{"type":"branch","line":466,"loc":{"start":{"line":466,"column":38},"end":{"line":486,"column":4}},"locations":[{"start":{"line":466,"column":38},"end":{"line":486,"column":4}}]},"42":{"type":"branch","line":479,"loc":{"start":{"line":479,"column":6},"end":{"line":485,"column":5}},"locations":[{"start":{"line":479,"column":6},"end":{"line":485,"column":5}}]}},"b":{"0":[3],"1":[1],"2":[2],"3":[0],"4":[0],"5":[2],"6":[0],"7":[1],"8":[0],"9":[2],"10":[1],"11":[0],"12":[2],"13":[1],"14":[1],"15":[0],"16":[0],"17":[1],"18":[0],"19":[1],"20":[0],"21":[0],"22":[1],"23":[0],"24":[1],"25":[0],"26":[0],"27":[1],"28":[0],"29":[0],"30":[0],"31":[3],"32":[1],"33":[2],"34":[0],"35":[2],"36":[0],"37":[3],"38":[1],"39":[2],"40":[0],"41":[1],"42":[0]},"fnMap":{"0":{"name":"createCustomer","decl":{"start":{"line":12,"column":18},"end":{"line":53,"column":3}},"loc":{"start":{"line":12,"column":18},"end":{"line":53,"column":3}},"line":12},"1":{"name":"getAllCustomers","decl":{"start":{"line":59,"column":19},"end":{"line":75,"column":3}},"loc":{"start":{"line":59,"column":19},"end":{"line":75,"column":3}},"line":59},"2":{"name":"getCustomerById","decl":{"start":{"line":81,"column":19},"end":{"line":103,"column":3}},"loc":{"start":{"line":81,"column":19},"end":{"line":103,"column":3}},"line":81},"3":{"name":"updateCustomer","decl":{"start":{"line":109,"column":18},"end":{"line":168,"column":3}},"loc":{"start":{"line":109,"column":18},"end":{"line":168,"column":3}},"line":109},"4":{"name":"deleteCustomer","decl":{"start":{"line":174,"column":18},"end":{"line":196,"column":3}},"loc":{"start":{"line":174,"column":18},"end":{"line":196,"column":3}},"line":174},"5":{"name":"getCustomerOrders","decl":{"start":{"line":202,"column":21},"end":{"line":225,"column":3}},"loc":{"start":{"line":202,"column":21},"end":{"line":225,"column":3}},"line":202},"6":{"name":"addOrderToCustomer","decl":{"start":{"line":231,"column":22},"end":{"line":266,"column":3}},"loc":{"start":{"line":231,"column":22},"end":{"line":266,"column":3}},"line":231},"7":{"name":"updateCustomerOrder","decl":{"start":{"line":272,"column":23},"end":{"line":325,"column":3}},"loc":{"start":{"line":272,"column":23},"end":{"line":325,"column":3}},"line":272},"8":{"name":"deleteCustomerOrder","decl":{"start":{"line":331,"column":23},"end":{"line":373,"column":3}},"loc":{"start":{"line":331,"column":23},"end":{"line":373,"column":3}},"line":331},"9":{"name":"updateCustomerPayment","decl":{"start":{"line":379,"column":25},"end":{"line":423,"column":3}},"loc":{"start":{"line":379,"column":25},"end":{"line":423,"column":3}},"line":379},"10":{"name":"searchCustomers","decl":{"start":{"line":429,"column":19},"end":{"line":460,"column":3}},"loc":{"start":{"line":429,"column":19},"end":{"line":460,"column":3}},"line":429},"11":{"name":"getCustomersWithOutstandingBalance","decl":{"start":{"line":466,"column":38},"end":{"line":486,"column":4}},"loc":{"start":{"line":466,"column":38},"end":{"line":486,"column":4}},"line":466}},"f":{"0":3,"1":1,"2":2,"3":2,"4":1,"5":1,"6":1,"7":1,"8":0,"9":3,"10":3,"11":1}}
,"C:\\Users\\Admin\\Desktop\\subhanTraders-app\\models\\Customers.model.js": {"path":"C:\\Users\\Admin\\Desktop\\subhanTraders-app\\models\\Customers.model.js","all":false,"statementMap":{"0":{"start":{"line":1,"column":0},"end":{"line":1,"column":37}},"1":{"start":{"line":2,"column":0},"end":{"line":2,"column":0}},"2":{"start":{"line":3,"column":0},"end":{"line":3,"column":44}},"3":{"start":{"line":4,"column":0},"end":{"line":4,"column":3}},"4":{"start":{"line":5,"column":0},"end":{"line":5,"column":44}},"5":{"start":{"line":6,"column":0},"end":{"line":6,"column":57}},"6":{"start":{"line":7,"column":0},"end":{"line":7,"column":59}},"7":{"start":{"line":8,"column":0},"end":{"line":8,"column":31}},"8":{"start":{"line":9,"column":0},"end":{"line":9,"column":50}},"9":{"start":{"line":10,"column":0},"end":{"line":10,"column":54}},"10":{"start":{"line":11,"column":0},"end":{"line":11,"column":14}},"11":{"start":{"line":12,"column":0},"end":{"line":12,"column":7}},"12":{"start":{"line":13,"column":0},"end":{"line":13,"column":45}},"13":{"start":{"line":14,"column":0},"end":{"line":14,"column":22}},"14":{"start":{"line":15,"column":0},"end":{"line":15,"column":8}},"15":{"start":{"line":16,"column":0},"end":{"line":16,"column":6}},"16":{"start":{"line":17,"column":0},"end":{"line":17,"column":30}},"17":{"start":{"line":18,"column":0},"end":{"line":18,"column":4}},"18":{"start":{"line":19,"column":0},"end":{"line":19,"column":22}},"19":{"start":{"line":20,"column":0},"end":{"line":20,"column":2}},"20":{"start":{"line":21,"column":0},"end":{"line":21,"column":0}},"21":{"start":{"line":22,"column":0},"end":{"line":22,"column":65}},"22":{"start":{"line":23,"column":0},"end":{"line":23,"column":23}},"23":{"start":{"line":24,"column":0},"end":{"line":24,"column":20}},"24":{"start":{"line":25,"column":0},"end":{"line":25,"column":83}},"25":{"start":{"line":26,"column":0},"end":{"line":26,"column":5}},"26":{"start":{"line":27,"column":0},"end":{"line":27,"column":0}},"27":{"start":{"line":28,"column":0},"end":{"line":28,"column":27}},"28":{"start":{"line":29,"column":0},"end":{"line":29,"column":64}},"29":{"start":{"line":30,"column":0},"end":{"line":30,"column":0}},"30":{"start":{"line":31,"column":0},"end":{"line":31,"column":35}},"31":{"start":{"line":32,"column":0},"end":{"line":32,"column":16}},"32":{"start":{"line":33,"column":0},"end":{"line":33,"column":57}},"33":{"start":{"line":34,"column":0},"end":{"line":34,"column":50}},"34":{"start":{"line":35,"column":0},"end":{"line":35,"column":62}},"35":{"start":{"line":36,"column":0},"end":{"line":36,"column":5}},"36":{"start":{"line":37,"column":0},"end":{"line":37,"column":5}},"37":{"start":{"line":38,"column":0},"end":{"line":38,"column":0}},"38":{"start":{"line":39,"column":0},"end":{"line":39,"column":42}},"39":{"start":{"line":40,"column":0},"end":{"line":40,"column":69}},"40":{"start":{"line":41,"column":0},"end":{"line":41,"column":96}},"41":{"start":{"line":42,"column":0},"end":{"line":42,"column":70}},"42":{"start":{"line":43,"column":0},"end":{"line":43,"column":50}},"43":{"start":{"line":44,"column":0},"end":{"line":44,"column":61}},"44":{"start":{"line":45,"column":0},"end":{"line":45,"column":0}},"45":{"start":{"line":46,"column":0},"end":{"line":46,"column":20}},"46":{"start":{"line":47,"column":0},"end":{"line":47,"column":14}},"47":{"start":{"line":48,"column":0},"end":{"line":48,"column":2}},"48":{"start":{"line":49,"column":0},"end":{"line":49,"column":0}},"49":{"start":{"line":50,"column":0},"end":{"line":50,"column":62}}},"s":{"0":1,"1":1,"2":1,"3":1,"4":1,"5":1,"6":1,"7":1,"8":1,"9":1,"10":1,"11":1,"12":1,"13":1,"14":1,"15":1,"16":1,"17":1,"18":1,"19":1,"20":1,"21":1,"22":1,"23":1,"24":1,"25":1,"26":1,"27":1,"28":1,"29":1,"30":1,"31":2,"32":2,"33":2,"34":2,"35":2,"36":1,"37":1,"38":1,"39":1,"40":1,"41":1,"42":1,"43":1,"44":1,"45":1,"46":1,"47":1,"48":1,"49":1},"branchMap":{"0":{"type":"branch","line":22,"loc":{"start":{"line":22,"column":46},"end":{"line":48,"column":2}},"locations":[{"start":{"line":22,"column":46},"end":{"line":48,"column":2}}]},"1":{"type":"branch","line":31,"loc":{"start":{"line":31,"column":24},"end":{"line":37,"column":3}},"locations":[{"start":{"line":31,"column":24},"end":{"line":37,"column":3}}]},"2":{"type":"branch","line":34,"loc":{"start":{"line":34,"column":44},"end":{"line":34,"column":49}},"locations":[{"start":{"line":34,"column":44},"end":{"line":34,"column":49}}]},"3":{"type":"branch","line":35,"loc":{"start":{"line":35,"column":56},"end":{"line":35,"column":61}},"locations":[{"start":{"line":35,"column":56},"end":{"line":35,"column":61}}]}},"b":{"0":[1],"1":[2],"2":[0],"3":[0]},"fnMap":{"0":{"name":"Object.<anonymous>.CustomersSchema.methods.recalculateBalances","decl":{"start":{"line":22,"column":46},"end":{"line":48,"column":2}},"loc":{"start":{"line":22,"column":46},"end":{"line":48,"column":2}},"line":22}},"f":{"0":1}}
,"C:\\Users\\Admin\\Desktop\\subhanTraders-app\\models\\Orders.model.js": {"path":"C:\\Users\\Admin\\Desktop\\subhanTraders-app\\models\\Orders.model.js","all":false,"statementMap":{"0":{"start":{"line":1,"column":0},"end":{"line":1,"column":18}},"1":{"start":{"line":2,"column":0},"end":{"line":2,"column":37}},"2":{"start":{"line":3,"column":0},"end":{"line":3,"column":0}},"3":{"start":{"line":4,"column":0},"end":{"line":4,"column":48}},"4":{"start":{"line":5,"column":0},"end":{"line":5,"column":45}},"5":{"start":{"line":6,"column":0},"end":{"line":6,"column":9}},"6":{"start":{"line":7,"column":0},"end":{"line":7,"column":41}},"7":{"start":{"line":8,"column":0},"end":{"line":8,"column":54}},"8":{"start":{"line":9,"column":0},"end":{"line":9,"column":19}},"9":{"start":{"line":10,"column":0},"end":{"line":10,"column":4}},"10":{"start":{"line":11,"column":0},"end":{"line":11,"column":13}},"11":{"start":{"line":12,"column":0},"end":{"line":12,"column":17}},"12":{"start":{"line":13,"column":0},"end":{"line":13,"column":19}},"13":{"start":{"line":14,"column":0},"end":{"line":14,"column":11}},"14":{"start":{"line":15,"column":0},"end":{"line":15,"column":4}},"15":{"start":{"line":16,"column":0},"end":{"line":16,"column":15}},"16":{"start":{"line":17,"column":0},"end":{"line":17,"column":17}},"17":{"start":{"line":18,"column":0},"end":{"line":18,"column":34}},"18":{"start":{"line":19,"column":0},"end":{"line":19,"column":22}},"19":{"start":{"line":20,"column":0},"end":{"line":20,"column":4}},"20":{"start":{"line":21,"column":0},"end":{"line":21,"column":18}},"21":{"start":{"line":22,"column":0},"end":{"line":22,"column":17}},"22":{"start":{"line":23,"column":0},"end":{"line":23,"column":19}},"23":{"start":{"line":24,"column":0},"end":{"line":24,"column":11}},"24":{"start":{"line":25,"column":0},"end":{"line":25,"column":4}},"25":{"start":{"line":26,"column":0},"end":{"line":26,"column":20}},"26":{"start":{"line":27,"column":0},"end":{"line":27,"column":17}},"27":{"start":{"line":28,"column":0},"end":{"line":28,"column":15}},"28":{"start":{"line":29,"column":0},"end":{"line":29,"column":11}},"29":{"start":{"line":30,"column":0},"end":{"line":30,"column":4}},"30":{"start":{"line":31,"column":0},"end":{"line":31,"column":15}},"31":{"start":{"line":32,"column":0},"end":{"line":32,"column":17}},"32":{"start":{"line":33,"column":0},"end":{"line":33,"column":11}},"33":{"start":{"line":34,"column":0},"end":{"line":34,"column":4}},"34":{"start":{"line":35,"column":0},"end":{"line":35,"column":3}},"35":{"start":{"line":36,"column":0},"end":{"line":36,"column":0}},"36":{"start":{"line":37,"column":0},"end":{"line":37,"column":41}},"37":{"start":{"line":38,"column":0},"end":{"line":38,"column":3}},"38":{"start":{"line":39,"column":0},"end":{"line":39,"column":36}},"39":{"start":{"line":40,"column":0},"end":{"line":40,"column":31}},"40":{"start":{"line":41,"column":0},"end":{"line":41,"column":32}},"41":{"start":{"line":42,"column":0},"end":{"line":42,"column":63}},"42":{"start":{"line":43,"column":0},"end":{"line":43,"column":35}},"43":{"start":{"line":44,"column":0},"end":{"line":44,"column":123}},"44":{"start":{"line":45,"column":0},"end":{"line":45,"column":39}},"45":{"start":{"line":46,"column":0},"end":{"line":46,"column":57}},"46":{"start":{"line":47,"column":0},"end":{"line":47,"column":89}},"47":{"start":{"line":48,"column":0},"end":{"line":48,"column":52}},"48":{"start":{"line":49,"column":0},"end":{"line":49,"column":0}},"49":{"start":{"line":50,"column":0},"end":{"line":50,"column":48}},"50":{"start":{"line":51,"column":0},"end":{"line":51,"column":24}},"51":{"start":{"line":52,"column":0},"end":{"line":52,"column":7}},"52":{"start":{"line":53,"column":0},"end":{"line":53,"column":57}},"53":{"start":{"line":54,"column":0},"end":{"line":54,"column":56}},"54":{"start":{"line":55,"column":0},"end":{"line":55,"column":30}},"55":{"start":{"line":56,"column":0},"end":{"line":56,"column":23}},"56":{"start":{"line":57,"column":0},"end":{"line":57,"column":60}},"57":{"start":{"line":58,"column":0},"end":{"line":58,"column":46}},"58":{"start":{"line":59,"column":0},"end":{"line":59,"column":67}},"59":{"start":{"line":60,"column":0},"end":{"line":60,"column":8}},"60":{"start":{"line":61,"column":0},"end":{"line":61,"column":6}},"61":{"start":{"line":62,"column":0},"end":{"line":62,"column":96}},"62":{"start":{"line":63,"column":0},"end":{"line":63,"column":104}},"63":{"start":{"line":64,"column":0},"end":{"line":64,"column":19}},"64":{"start":{"line":65,"column":0},"end":{"line":65,"column":19}},"65":{"start":{"line":66,"column":0},"end":{"line":66,"column":69}},"66":{"start":{"line":67,"column":0},"end":{"line":67,"column":25}},"67":{"start":{"line":68,"column":0},"end":{"line":68,"column":6}},"68":{"start":{"line":69,"column":0},"end":{"line":69,"column":31}},"69":{"start":{"line":70,"column":0},"end":{"line":70,"column":0}},"70":{"start":{"line":71,"column":0},"end":{"line":71,"column":48}},"71":{"start":{"line":72,"column":0},"end":{"line":72,"column":15}},"72":{"start":{"line":73,"column":0},"end":{"line":73,"column":43}},"73":{"start":{"line":74,"column":0},"end":{"line":74,"column":23}},"74":{"start":{"line":75,"column":0},"end":{"line":75,"column":59}},"75":{"start":{"line":76,"column":0},"end":{"line":76,"column":6}},"76":{"start":{"line":77,"column":0},"end":{"line":77,"column":4}},"77":{"start":{"line":78,"column":0},"end":{"line":78,"column":22}},"78":{"start":{"line":79,"column":0},"end":{"line":79,"column":2}},"79":{"start":{"line":80,"column":0},"end":{"line":80,"column":0}},"80":{"start":{"line":81,"column":0},"end":{"line":81,"column":43}},"81":{"start":{"line":82,"column":0},"end":{"line":82,"column":45}},"82":{"start":{"line":83,"column":0},"end":{"line":83,"column":80}},"83":{"start":{"line":84,"column":0},"end":{"line":84,"column":9}},"84":{"start":{"line":85,"column":0},"end":{"line":85,"column":3}},"85":{"start":{"line":86,"column":0},"end":{"line":86,"column":0}},"86":{"start":{"line":87,"column":0},"end":{"line":87,"column":57}},"87":{"start":{"line":88,"column":0},"end":{"line":88,"column":42}},"88":{"start":{"line":89,"column":0},"end":{"line":89,"column":100}},"89":{"start":{"line":90,"column":0},"end":{"line":90,"column":53}},"90":{"start":{"line":91,"column":0},"end":{"line":91,"column":62}},"91":{"start":{"line":92,"column":0},"end":{"line":92,"column":56}},"92":{"start":{"line":93,"column":0},"end":{"line":93,"column":10}},"93":{"start":{"line":94,"column":0},"end":{"line":94,"column":0}},"94":{"start":{"line":95,"column":0},"end":{"line":95,"column":68}},"95":{"start":{"line":96,"column":0},"end":{"line":96,"column":58}},"96":{"start":{"line":97,"column":0},"end":{"line":97,"column":10}},"97":{"start":{"line":98,"column":0},"end":{"line":98,"column":0}},"98":{"start":{"line":99,"column":0},"end":{"line":99,"column":32}},"99":{"start":{"line":100,"column":0},"end":{"line":100,"column":48}},"100":{"start":{"line":101,"column":0},"end":{"line":101,"column":93}},"101":{"start":{"line":102,"column":0},"end":{"line":102,"column":25}},"102":{"start":{"line":103,"column":0},"end":{"line":103,"column":39}},"103":{"start":{"line":104,"column":0},"end":{"line":104,"column":29}},"104":{"start":{"line":105,"column":0},"end":{"line":105,"column":74}},"105":{"start":{"line":106,"column":0},"end":{"line":106,"column":33}},"106":{"start":{"line":107,"column":0},"end":{"line":107,"column":12}},"107":{"start":{"line":108,"column":0},"end":{"line":108,"column":7}},"108":{"start":{"line":109,"column":0},"end":{"line":109,"column":6}},"109":{"start":{"line":110,"column":0},"end":{"line":110,"column":3}},"110":{"start":{"line":111,"column":0},"end":{"line":111,"column":0}},"111":{"start":{"line":112,"column":0},"end":{"line":112,"column":109}},"112":{"start":{"line":113,"column":0},"end":{"line":113,"column":6}},"113":{"start":{"line":114,"column":0},"end":{"line":114,"column":17}},"114":{"start":{"line":115,"column":0},"end":{"line":115,"column":43}},"115":{"start":{"line":116,"column":0},"end":{"line":116,"column":34}},"116":{"start":{"line":117,"column":0},"end":{"line":117,"column":5}},"117":{"start":{"line":118,"column":0},"end":{"line":118,"column":59}},"118":{"start":{"line":119,"column":0},"end":{"line":119,"column":45}},"119":{"start":{"line":120,"column":0},"end":{"line":120,"column":7}},"120":{"start":{"line":121,"column":0},"end":{"line":121,"column":6}},"121":{"start":{"line":122,"column":0},"end":{"line":122,"column":78}},"122":{"start":{"line":123,"column":0},"end":{"line":123,"column":0}},"123":{"start":{"line":124,"column":0},"end":{"line":124,"column":43}},"124":{"start":{"line":125,"column":0},"end":{"line":125,"column":62}},"125":{"start":{"line":126,"column":0},"end":{"line":126,"column":36}},"126":{"start":{"line":127,"column":0},"end":{"line":127,"column":76}},"127":{"start":{"line":128,"column":0},"end":{"line":128,"column":39}},"128":{"start":{"line":129,"column":0},"end":{"line":129,"column":15}},"129":{"start":{"line":130,"column":0},"end":{"line":130,"column":35}},"130":{"start":{"line":131,"column":0},"end":{"line":131,"column":39}},"131":{"start":{"line":132,"column":0},"end":{"line":132,"column":7}},"132":{"start":{"line":133,"column":0},"end":{"line":133,"column":43}},"133":{"start":{"line":134,"column":0},"end":{"line":134,"column":12}},"134":{"start":{"line":135,"column":0},"end":{"line":135,"column":36}},"135":{"start":{"line":136,"column":0},"end":{"line":136,"column":5}},"136":{"start":{"line":137,"column":0},"end":{"line":137,"column":3}},"137":{"start":{"line":138,"column":0},"end":{"line":138,"column":0}},"138":{"start":{"line":139,"column":0},"end":{"line":139,"column":9}},"139":{"start":{"line":140,"column":0},"end":{"line":140,"column":3}},"140":{"start":{"line":141,"column":0},"end":{"line":141,"column":0}},"141":{"start":{"line":142,"column":0},"end":{"line":142,"column":37}},"142":{"start":{"line":143,"column":0},"end":{"line":143,"column":58}},"143":{"start":{"line":144,"column":0},"end":{"line":144,"column":27}},"144":{"start":{"line":145,"column":0},"end":{"line":145,"column":43}},"145":{"start":{"line":146,"column":0},"end":{"line":146,"column":39}},"146":{"start":{"line":147,"column":0},"end":{"line":147,"column":76}},"147":{"start":{"line":148,"column":0},"end":{"line":148,"column":83}},"148":{"start":{"line":149,"column":0},"end":{"line":149,"column":5}},"149":{"start":{"line":150,"column":0},"end":{"line":150,"column":2}},"150":{"start":{"line":151,"column":0},"end":{"line":151,"column":0}},"151":{"start":{"line":152,"column":0},"end":{"line":152,"column":54}},"152":{"start":{"line":153,"column":0},"end":{"line":153,"column":67}},"153":{"start":{"line":154,"column":0},"end":{"line":154,"column":45}},"154":{"start":{"line":155,"column":0},"end":{"line":155,"column":78}},"155":{"start":{"line":156,"column":0},"end":{"line":156,"column":0}},"156":{"start":{"line":157,"column":0},"end":{"line":157,"column":31}},"157":{"start":{"line":158,"column":0},"end":{"line":158,"column":34}},"158":{"start":{"line":159,"column":0},"end":{"line":159,"column":60}},"159":{"start":{"line":160,"column":0},"end":{"line":160,"column":32}},"160":{"start":{"line":161,"column":0},"end":{"line":161,"column":65}},"161":{"start":{"line":162,"column":0},"end":{"line":162,"column":5}},"162":{"start":{"line":163,"column":0},"end":{"line":163,"column":0}},"163":{"start":{"line":164,"column":0},"end":{"line":164,"column":86}},"164":{"start":{"line":165,"column":0},"end":{"line":165,"column":59}},"165":{"start":{"line":166,"column":0},"end":{"line":166,"column":0}},"166":{"start":{"line":167,"column":0},"end":{"line":167,"column":47}},"167":{"start":{"line":168,"column":0},"end":{"line":168,"column":73}},"168":{"start":{"line":169,"column":0},"end":{"line":169,"column":58}},"169":{"start":{"line":170,"column":0},"end":{"line":170,"column":0}},"170":{"start":{"line":171,"column":0},"end":{"line":171,"column":18}},"171":{"start":{"line":172,"column":0},"end":{"line":172,"column":58}},"172":{"start":{"line":173,"column":0},"end":{"line":173,"column":3}},"173":{"start":{"line":174,"column":0},"end":{"line":174,"column":0}},"174":{"start":{"line":175,"column":0},"end":{"line":175,"column":48}},"175":{"start":{"line":176,"column":0},"end":{"line":176,"column":125}},"176":{"start":{"line":177,"column":0},"end":{"line":177,"column":0}},"177":{"start":{"line":178,"column":0},"end":{"line":178,"column":68}},"178":{"start":{"line":179,"column":0},"end":{"line":179,"column":0}},"179":{"start":{"line":180,"column":0},"end":{"line":180,"column":24}},"180":{"start":{"line":181,"column":0},"end":{"line":181,"column":0}},"181":{"start":{"line":182,"column":0},"end":{"line":182,"column":42}},"182":{"start":{"line":183,"column":0},"end":{"line":183,"column":2}},"183":{"start":{"line":184,"column":0},"end":{"line":184,"column":27}},"184":{"start":{"line":185,"column":0},"end":{"line":185,"column":0}},"185":{"start":{"line":186,"column":0},"end":{"line":186,"column":56}}},"s":{"0":1,"1":1,"2":1,"3":1,"4":1,"5":1,"6":1,"7":1,"8":1,"9":1,"10":1,"11":1,"12":1,"13":1,"14":1,"15":1,"16":1,"17":1,"18":1,"19":1,"20":1,"21":1,"22":1,"23":1,"24":1,"25":1,"26":1,"27":1,"28":1,"29":1,"30":1,"31":1,"32":1,"33":1,"34":1,"35":1,"36":1,"37":1,"38":1,"39":1,"40":1,"41":1,"42":1,"43":1,"44":1,"45":1,"46":1,"47":1,"48":1,"49":1,"50":1,"51":1,"52":1,"53":1,"54":1,"55":1,"56":1,"57":1,"58":1,"59":1,"60":1,"61":1,"62":1,"63":1,"64":1,"65":1,"66":1,"67":1,"68":1,"69":1,"70":1,"71":1,"72":1,"73":1,"74":1,"75":1,"76":1,"77":1,"78":1,"79":1,"80":1,"81":1,"82":46,"83":46,"84":1,"85":1,"86":1,"87":1,"88":42,"89":42,"90":24,"91":28,"92":24,"93":24,"94":24,"95":28,"96":24,"97":24,"98":24,"99":24,"100":28,"101":28,"102":28,"103":28,"104":28,"105":28,"106":24,"107":24,"108":24,"109":24,"110":42,"111":42,"112":42,"113":42,"114":42,"115":0,"116":42,"117":42,"118":42,"119":42,"120":42,"121":42,"122":42,"123":42,"124":42,"125":23,"126":42,"127":7,"128":19,"129":12,"130":11,"131":12,"132":11,"133":12,"134":1,"135":1,"136":42,"137":42,"138":42,"139":1,"140":1,"141":1,"142":1,"143":1,"144":1,"145":2,"146":2,"147":2,"148":1,"149":1,"150":1,"151":1,"152":1,"153":15,"154":15,"155":15,"156":15,"157":15,"158":15,"159":15,"160":15,"161":15,"162":15,"163":15,"164":15,"165":15,"166":15,"167":15,"168":15,"169":15,"170":15,"171":1,"172":1,"173":14,"174":14,"175":14,"176":14,"177":14,"178":14,"179":14,"180":14,"181":14,"182":14,"183":1,"184":1,"185":1},"branchMap":{"0":{"type":"branch","line":82,"loc":{"start":{"line":82,"column":28},"end":{"line":85,"column":2}},"locations":[{"start":{"line":82,"column":28},"end":{"line":85,"column":2}}]},"1":{"type":"branch","line":88,"loc":{"start":{"line":88,"column":25},"end":{"line":140,"column":2}},"locations":[{"start":{"line":88,"column":25},"end":{"line":140,"column":2}}]},"2":{"type":"branch","line":90,"loc":{"start":{"line":90,"column":16},"end":{"line":90,"column":50}},"locations":[{"start":{"line":90,"column":16},"end":{"line":90,"column":50}}]},"3":{"type":"branch","line":90,"loc":{"start":{"line":90,"column":52},"end":{"line":110,"column":3}},"locations":[{"start":{"line":90,"column":52},"end":{"line":110,"column":3}}]},"4":{"type":"branch","line":114,"loc":{"start":{"line":114,"column":14},"end":{"line":115,"column":40}},"locations":[{"start":{"line":114,"column":14},"end":{"line":115,"column":40}}]},"5":{"type":"branch","line":115,"loc":{"start":{"line":115,"column":40},"end":{"line":116,"column":34}},"locations":[{"start":{"line":115,"column":40},"end":{"line":116,"column":34}}]},"6":{"type":"branch","line":125,"loc":{"start":{"line":125,"column":35},"end":{"line":125,"column":59}},"locations":[{"start":{"line":125,"column":35},"end":{"line":125,"column":59}}]},"7":{"type":"branch","line":125,"loc":{"start":{"line":125,"column":61},"end":{"line":127,"column":5}},"locations":[{"start":{"line":125,"column":61},"end":{"line":127,"column":5}}]},"8":{"type":"branch","line":127,"loc":{"start":{"line":127,"column":5},"end":{"line":136,"column":5}},"locations":[{"start":{"line":127,"column":5},"end":{"line":136,"column":5}}]},"9":{"type":"branch","line":127,"loc":{"start":{"line":127,"column":49},"end":{"line":127,"column":73}},"locations":[{"start":{"line":127,"column":49},"end":{"line":127,"column":73}}]},"10":{"type":"branch","line":127,"loc":{"start":{"line":127,"column":75},"end":{"line":129,"column":5}},"locations":[{"start":{"line":127,"column":75},"end":{"line":129,"column":5}}]},"11":{"type":"branch","line":129,"loc":{"start":{"line":129,"column":5},"end":{"line":136,"column":5}},"locations":[{"start":{"line":129,"column":5},"end":{"line":136,"column":5}}]},"12":{"type":"branch","line":130,"loc":{"start":{"line":130,"column":32},"end":{"line":131,"column":39}},"locations":[{"start":{"line":130,"column":32},"end":{"line":131,"column":39}}]},"13":{"type":"branch","line":132,"loc":{"start":{"line":132,"column":6},"end":{"line":134,"column":5}},"locations":[{"start":{"line":132,"column":6},"end":{"line":134,"column":5}}]},"14":{"type":"branch","line":134,"loc":{"start":{"line":134,"column":5},"end":{"line":136,"column":5}},"locations":[{"start":{"line":134,"column":5},"end":{"line":136,"column":5}}]},"15":{"type":"branch","line":91,"loc":{"start":{"line":91,"column":44},"end":{"line":93,"column":5}},"locations":[{"start":{"line":91,"column":44},"end":{"line":93,"column":5}}]},"16":{"type":"branch","line":95,"loc":{"start":{"line":95,"column":50},"end":{"line":97,"column":5}},"locations":[{"start":{"line":95,"column":50},"end":{"line":97,"column":5}}]},"17":{"type":"branch","line":100,"loc":{"start":{"line":100,"column":30},"end":{"line":107,"column":7}},"locations":[{"start":{"line":100,"column":30},"end":{"line":107,"column":7}}]},"18":{"type":"branch","line":105,"loc":{"start":{"line":105,"column":-1},"end":{"line":105,"column":73}},"locations":[{"start":{"line":105,"column":-1},"end":{"line":105,"column":73}}]},"19":{"type":"branch","line":119,"loc":{"start":{"line":119,"column":6},"end":{"line":119,"column":44}},"locations":[{"start":{"line":119,"column":6},"end":{"line":119,"column":44}}]},"20":{"type":"branch","line":143,"loc":{"start":{"line":143,"column":45},"end":{"line":150,"column":2}},"locations":[{"start":{"line":143,"column":45},"end":{"line":150,"column":2}}]},"21":{"type":"branch","line":145,"loc":{"start":{"line":145,"column":28},"end":{"line":149,"column":3}},"locations":[{"start":{"line":145,"column":28},"end":{"line":149,"column":3}}]},"22":{"type":"branch","line":153,"loc":{"start":{"line":153,"column":34},"end":{"line":183,"column":2}},"locations":[{"start":{"line":153,"column":34},"end":{"line":183,"column":2}}]},"23":{"type":"branch","line":171,"loc":{"start":{"line":171,"column":17},"end":{"line":173,"column":3}},"locations":[{"start":{"line":171,"column":17},"end":{"line":173,"column":3}}]},"24":{"type":"branch","line":173,"loc":{"start":{"line":173,"column":2},"end":{"line":183,"column":2}},"locations":[{"start":{"line":173,"column":2},"end":{"line":183,"column":2}}]}},"b":{"0":[46],"1":[42],"2":[18],"3":[24],"4":[18],"5":[0],"6":[24],"7":[23],"8":[19],"9":[8],"10":[7],"11":[12],"12":[11],"13":[11],"14":[1],"15":[28],"16":[28],"17":[28],"18":[0],"19":[22],"20":[1],"21":[2],"22":[15],"23":[1],"24":[14]},"fnMap":{"0":{"name":"Object.<anonymous>.OrdersSchema.methods.applyWholesalePricing","decl":{"start":{"line":143,"column":45},"end":{"line":150,"column":2}},"loc":{"start":{"line":143,"column":45},"end":{"line":150,"column":2}},"line":143},"1":{"name":"Object.<anonymous>.OrdersSchema.methods.addPayment","decl":{"start":{"line":153,"column":34},"end":{"line":183,"column":2}},"loc":{"start":{"line":153,"column":34},"end":{"line":183,"column":2}},"line":153}},"f":{"0":1,"1":15}}
,"C:\\Users\\Admin\\Desktop\\subhanTraders-app\\tests\\mongo.helper.js": {"path":"C:\\Users\\Admin\\Desktop\\subhanTraders-app\\tests\\mongo.helper.js","all":false,"statementMap":{"0":{"start":{"line":1,"column":0},"end":{"line":1,"column":37}},"1":{"start":{"line":2,"column":0},"end":{"line":2,"column":63}},"2":{"start":{"line":3,"column":0},"end":{"line":3,"column":0}},"3":{"start":{"line":4,"column":0},"end":{"line":4,"column":16}},"4":{"start":{"line":5,"column":0},"end":{"line":5,"column":0}},"5":{"start":{"line":6,"column":0},"end":{"line":6,"column":38}},"6":{"start":{"line":7,"column":0},"end":{"line":7,"column":49}},"7":{"start":{"line":8,"column":0},"end":{"line":8,"column":35}},"8":{"start":{"line":9,"column":0},"end":{"line":9,"column":30}},"9":{"start":{"line":10,"column":0},"end":{"line":10,"column":2}},"10":{"start":{"line":11,"column":0},"end":{"line":11,"column":0}},"11":{"start":{"line":12,"column":0},"end":{"line":12,"column":44}},"12":{"start":{"line":13,"column":0},"end":{"line":13,"column":43}},"13":{"start":{"line":14,"column":0},"end":{"line":14,"column":36}},"14":{"start":{"line":15,"column":0},"end":{"line":15,"column":20}},"15":{"start":{"line":16,"column":0},"end":{"line":16,"column":29}},"16":{"start":{"line":17,"column":0},"end":{"line":17,"column":3}},"17":{"start":{"line":18,"column":0},"end":{"line":18,"column":2}},"18":{"start":{"line":19,"column":0},"end":{"line":19,"column":0}},"19":{"start":{"line":20,"column":0},"end":{"line":20,"column":44}},"20":{"start":{"line":21,"column":0},"end":{"line":21,"column":54}},"21":{"start":{"line":22,"column":0},"end":{"line":22,"column":34}},"22":{"start":{"line":23,"column":0},"end":{"line":23,"column":40}},"23":{"start":{"line":24,"column":0},"end":{"line":24,"column":36}},"24":{"start":{"line":25,"column":0},"end":{"line":25,"column":3}},"25":{"start":{"line":26,"column":0},"end":{"line":26,"column":2}}},"s":{"0":1,"1":1,"2":1,"3":1,"4":1,"5":1,"6":2,"7":2,"8":2,"9":2,"10":1,"11":1,"12":2,"13":2,"14":2,"15":2,"16":2,"17":2,"18":1,"19":1,"20":29,"21":29,"22":58,"23":58,"24":58,"25":29},"branchMap":{"0":{"type":"branch","line":6,"loc":{"start":{"line":6,"column":25},"end":{"line":10,"column":2}},"locations":[{"start":{"line":6,"column":25},"end":{"line":10,"column":2}}]},"1":{"type":"branch","line":12,"loc":{"start":{"line":12,"column":31},"end":{"line":18,"column":2}},"locations":[{"start":{"line":12,"column":31},"end":{"line":18,"column":2}}]},"2":{"type":"branch","line":20,"loc":{"start":{"line":20,"column":31},"end":{"line":26,"column":2}},"locations":[{"start":{"line":20,"column":31},"end":{"line":26,"column":2}}]},"3":{"type":"branch","line":22,"loc":{"start":{"line":22,"column":33},"end":{"line":25,"column":3}},"locations":[{"start":{"line":22,"column":33},"end":{"line":25,"column":3}}]}},"b":{"0":[2],"1":[2],"2":[29],"3":[58]},"fnMap":{"0":{"name":"Object.<anonymous>.module.exports.connect","decl":{"start":{"line":6,"column":25},"end":{"line":10,"column":2}},"loc":{"start":{"line":6,"column":25},"end":{"line":10,"column":2}},"line":6},"1":{"name":"Object.<anonymous>.module.exports.closeDatabase","decl":{"start":{"line":12,"column":31},"end":{"line":18,"column":2}},"loc":{"start":{"line":12,"column":31},"end":{"line":18,"column":2}},"line":12},"2":{"name":"Object.<anonymous>.module.exports.clearDatabase","decl":{"start":{"line":20,"column":31},"end":{"line":26,"column":2}},"loc":{"start":{"line":20,"column":31},"end":{"line":26,"column":2}},"line":20}},"f":{"0":2,"1":2,"2":29}}
}
