TN:
SF:controllers\customersController.js
FN:12,createCustomer
FN:59,getAllCustomers
FN:81,getCustomerById
FN:109,updateCustomer
FN:174,deleteCustomer
FN:202,getCustomerOrders
FN:231,addOrderToCustomer
FN:272,updateCustomerOrder
FN:331,deleteCustomerOrder
FN:379,updateCustomerPayment
FN:429,searchCustomers
FN:466,getCustomersWithOutstandingBalance
FNF:12
FNH:11
FNDA:3,createCustomer
FNDA:1,getAllCustomers
FNDA:2,getCustomerById
FNDA:2,updateCustomer
FNDA:1,deleteCustomer
FNDA:1,getCustomerOrders
FNDA:1,addOrderToCustomer
FNDA:1,updateCustomerOrder
FNDA:0,deleteCustomerOrder
FNDA:3,updateCustomerPayment
FNDA:3,searchCustomers
FNDA:1,getCustomersWithOutstandingBalance
DA:1,1
DA:2,1
DA:3,1
DA:4,1
DA:5,1
DA:6,1
DA:7,1
DA:8,1
DA:9,1
DA:10,1
DA:11,1
DA:12,1
DA:13,3
DA:14,3
DA:15,3
DA:16,3
DA:17,3
DA:18,3
DA:19,3
DA:20,3
DA:21,3
DA:22,3
DA:23,1
DA:24,1
DA:25,1
DA:26,1
DA:27,1
DA:28,2
DA:29,2
DA:30,2
DA:31,2
DA:32,2
DA:33,2
DA:34,3
DA:35,3
DA:36,3
DA:37,3
DA:38,3
DA:39,3
DA:40,2
DA:41,2
DA:42,2
DA:43,2
DA:44,2
DA:45,2
DA:46,3
DA:47,0
DA:48,0
DA:49,0
DA:50,0
DA:51,0
DA:52,0
DA:53,1
DA:54,1
DA:55,1
DA:56,1
DA:57,1
DA:58,1
DA:59,1
DA:60,1
DA:61,1
DA:62,1
DA:63,1
DA:64,1
DA:65,1
DA:66,1
DA:67,1
DA:68,1
DA:69,0
DA:70,0
DA:71,0
DA:72,0
DA:73,0
DA:74,0
DA:75,1
DA:76,1
DA:77,1
DA:78,1
DA:79,1
DA:80,1
DA:81,1
DA:82,2
DA:83,2
DA:84,2
DA:85,2
DA:86,1
DA:87,1
DA:88,1
DA:89,1
DA:90,1
DA:91,1
DA:92,1
DA:93,1
DA:94,1
DA:95,1
DA:96,2
DA:97,0
DA:98,0
DA:99,0
DA:100,0
DA:101,0
DA:102,0
DA:103,1
DA:104,1
DA:105,1
DA:106,1
DA:107,1
DA:108,1
DA:109,1
DA:110,2
DA:111,2
DA:112,2
DA:113,2
DA:114,2
DA:115,2
DA:116,1
DA:117,1
DA:118,1
DA:119,1
DA:120,1
DA:121,1
DA:122,1
DA:123,1
DA:124,1
DA:125,1
DA:126,1
DA:127,1
DA:128,1
DA:129,1
DA:130,1
DA:131,1
DA:132,1
DA:133,1
DA:134,1
DA:135,1
DA:136,1
DA:137,1
DA:138,1
DA:139,1
DA:140,1
DA:141,1
DA:142,1
DA:143,1
DA:144,1
DA:145,1
DA:146,1
DA:147,1
DA:148,1
DA:149,2
DA:150,0
DA:151,0
DA:152,0
DA:153,0
DA:154,0
DA:155,1
DA:156,1
DA:157,1
DA:158,1
DA:159,1
DA:160,1
DA:161,2
DA:162,0
DA:163,0
DA:164,0
DA:165,0
DA:166,0
DA:167,0
DA:168,1
DA:169,1
DA:170,1
DA:171,1
DA:172,1
DA:173,1
DA:174,1
DA:175,1
DA:176,1
DA:177,1
DA:178,1
DA:179,0
DA:180,0
DA:181,0
DA:182,0
DA:183,0
DA:184,1
DA:185,1
DA:186,1
DA:187,1
DA:188,1
DA:189,1
DA:190,0
DA:191,0
DA:192,0
DA:193,0
DA:194,0
DA:195,0
DA:196,1
DA:197,1
DA:198,1
DA:199,1
DA:200,1
DA:201,1
DA:202,1
DA:203,1
DA:204,1
DA:205,1
DA:206,1
DA:207,0
DA:208,0
DA:209,0
DA:210,0
DA:211,0
DA:212,1
DA:213,1
DA:214,1
DA:215,1
DA:216,1
DA:217,1
DA:218,1
DA:219,1
DA:220,1
DA:221,1
DA:222,1
DA:223,1
DA:224,1
DA:225,1
DA:226,1
DA:227,1
DA:228,1
DA:229,1
DA:230,1
DA:231,1
DA:232,1
DA:233,1
DA:234,1
DA:235,1
DA:236,0
DA:237,0
DA:238,0
DA:239,0
DA:240,0
DA:241,1
DA:242,1
DA:243,1
DA:244,1
DA:245,1
DA:246,1
DA:247,1
DA:248,1
DA:249,0
DA:250,0
DA:251,0
DA:252,0
DA:253,0
DA:254,0
DA:255,0
DA:256,0
DA:257,0
DA:258,0
DA:259,1
DA:260,1
DA:261,1
DA:262,1
DA:263,1
DA:264,1
DA:265,1
DA:266,1
DA:267,1
DA:268,1
DA:269,1
DA:270,1
DA:271,1
DA:272,1
DA:273,1
DA:274,1
DA:275,1
DA:276,1
DA:277,0
DA:278,0
DA:279,0
DA:280,0
DA:281,0
DA:282,1
DA:283,1
DA:284,1
DA:285,1
DA:286,1
DA:287,1
DA:288,0
DA:289,0
DA:290,0
DA:291,0
DA:292,0
DA:293,0
DA:294,0
DA:295,1
DA:296,1
DA:297,1
DA:298,1
DA:299,1
DA:300,0
DA:301,1
DA:302,1
DA:303,1
DA:304,1
DA:305,0
DA:306,0
DA:307,0
DA:308,0
DA:309,0
DA:310,0
DA:311,0
DA:312,0
DA:313,0
DA:314,0
DA:315,0
DA:316,0
DA:317,0
DA:318,1
DA:319,1
DA:320,1
DA:321,1
DA:322,1
DA:323,1
DA:324,1
DA:325,1
DA:326,1
DA:327,1
DA:328,1
DA:329,1
DA:330,1
DA:331,1
DA:332,0
DA:333,0
DA:334,0
DA:335,0
DA:336,0
DA:337,0
DA:338,0
DA:339,0
DA:340,0
DA:341,0
DA:342,0
DA:343,0
DA:344,0
DA:345,0
DA:346,0
DA:347,0
DA:348,0
DA:349,0
DA:350,0
DA:351,0
DA:352,0
DA:353,0
DA:354,0
DA:355,0
DA:356,0
DA:357,0
DA:358,0
DA:359,0
DA:360,0
DA:361,0
DA:362,0
DA:363,0
DA:364,0
DA:365,0
DA:366,0
DA:367,0
DA:368,0
DA:369,0
DA:370,0
DA:371,0
DA:372,0
DA:373,1
DA:374,1
DA:375,1
DA:376,1
DA:377,1
DA:378,1
DA:379,1
DA:380,3
DA:381,3
DA:382,3
DA:383,3
DA:384,1
DA:385,1
DA:386,1
DA:387,1
DA:388,1
DA:389,2
DA:390,2
DA:391,2
DA:392,3
DA:393,0
DA:394,0
DA:395,0
DA:396,0
DA:397,0
DA:398,2
DA:399,2
DA:400,2
DA:401,2
DA:402,2
DA:403,2
DA:404,2
DA:405,2
DA:406,2
DA:407,2
DA:408,2
DA:409,2
DA:410,2
DA:411,2
DA:412,2
DA:413,2
DA:414,2
DA:415,2
DA:416,3
DA:417,0
DA:418,0
DA:419,0
DA:420,0
DA:421,0
DA:422,0
DA:423,1
DA:424,1
DA:425,1
DA:426,1
DA:427,1
DA:428,1
DA:429,1
DA:430,3
DA:431,3
DA:432,3
DA:433,3
DA:434,1
DA:435,1
DA:436,1
DA:437,1
DA:438,1
DA:439,2
DA:440,2
DA:441,2
DA:442,2
DA:443,2
DA:444,2
DA:445,2
DA:446,2
DA:447,2
DA:448,2
DA:449,2
DA:450,2
DA:451,2
DA:452,2
DA:453,3
DA:454,0
DA:455,0
DA:456,0
DA:457,0
DA:458,0
DA:459,0
DA:460,1
DA:461,1
DA:462,1
DA:463,1
DA:464,1
DA:465,1
DA:466,1
DA:467,1
DA:468,1
DA:469,1
DA:470,1
DA:471,1
DA:472,1
DA:473,1
DA:474,1
DA:475,1
DA:476,1
DA:477,1
DA:478,1
DA:479,1
DA:480,0
DA:481,0
DA:482,0
DA:483,0
DA:484,0
DA:485,0
DA:486,1
DA:487,1
DA:488,1
DA:489,1
LF:489
LH:339
BRDA:12,0,0,3
BRDA:22,1,0,1
BRDA:27,2,0,2
BRDA:34,3,0,0
BRDA:35,4,0,0
BRDA:39,5,0,2
BRDA:46,6,0,0
BRDA:59,7,0,1
BRDA:68,8,0,0
BRDA:81,9,0,2
BRDA:85,10,0,1
BRDA:96,11,0,0
BRDA:109,12,0,2
BRDA:115,13,0,1
BRDA:115,14,0,1
BRDA:122,15,0,0
BRDA:149,16,0,0
BRDA:154,17,0,1
BRDA:161,18,0,0
BRDA:174,19,0,1
BRDA:178,20,0,0
BRDA:189,21,0,0
BRDA:202,22,0,1
BRDA:206,23,0,0
BRDA:231,24,0,1
BRDA:235,25,0,0
BRDA:248,26,0,0
BRDA:272,27,0,1
BRDA:276,28,0,0
BRDA:287,29,0,0
BRDA:304,30,0,0
BRDA:379,31,0,3
BRDA:383,32,0,1
BRDA:388,33,0,2
BRDA:392,34,0,0
BRDA:397,35,0,2
BRDA:416,36,0,0
BRDA:429,37,0,3
BRDA:433,38,0,1
BRDA:438,39,0,2
BRDA:453,40,0,0
BRDA:466,41,0,1
BRDA:479,42,0,0
BRF:43
BRH:23
end_of_record
TN:
SF:models\Customers.model.js
FN:22,Object.<anonymous>.CustomersSchema.methods.recalculateBalances
FNF:1
FNH:1
FNDA:1,Object.<anonymous>.CustomersSchema.methods.recalculateBalances
DA:1,1
DA:2,1
DA:3,1
DA:4,1
DA:5,1
DA:6,1
DA:7,1
DA:8,1
DA:9,1
DA:10,1
DA:11,1
DA:12,1
DA:13,1
DA:14,1
DA:15,1
DA:16,1
DA:17,1
DA:18,1
DA:19,1
DA:20,1
DA:21,1
DA:22,1
DA:23,1
DA:24,1
DA:25,1
DA:26,1
DA:27,1
DA:28,1
DA:29,1
DA:30,1
DA:31,1
DA:32,2
DA:33,2
DA:34,2
DA:35,2
DA:36,2
DA:37,1
DA:38,1
DA:39,1
DA:40,1
DA:41,1
DA:42,1
DA:43,1
DA:44,1
DA:45,1
DA:46,1
DA:47,1
DA:48,1
DA:49,1
DA:50,1
LF:50
LH:50
BRDA:22,0,0,1
BRDA:31,1,0,2
BRDA:34,2,0,0
BRDA:35,3,0,0
BRF:4
BRH:2
end_of_record
TN:
SF:models\Orders.model.js
FN:143,Object.<anonymous>.OrdersSchema.methods.applyWholesalePricing
FN:153,Object.<anonymous>.OrdersSchema.methods.addPayment
FNF:2
FNH:2
FNDA:1,Object.<anonymous>.OrdersSchema.methods.applyWholesalePricing
FNDA:15,Object.<anonymous>.OrdersSchema.methods.addPayment
DA:1,1
DA:2,1
DA:3,1
DA:4,1
DA:5,1
DA:6,1
DA:7,1
DA:8,1
DA:9,1
DA:10,1
DA:11,1
DA:12,1
DA:13,1
DA:14,1
DA:15,1
DA:16,1
DA:17,1
DA:18,1
DA:19,1
DA:20,1
DA:21,1
DA:22,1
DA:23,1
DA:24,1
DA:25,1
DA:26,1
DA:27,1
DA:28,1
DA:29,1
DA:30,1
DA:31,1
DA:32,1
DA:33,1
DA:34,1
DA:35,1
DA:36,1
DA:37,1
DA:38,1
DA:39,1
DA:40,1
DA:41,1
DA:42,1
DA:43,1
DA:44,1
DA:45,1
DA:46,1
DA:47,1
DA:48,1
DA:49,1
DA:50,1
DA:51,1
DA:52,1
DA:53,1
DA:54,1
DA:55,1
DA:56,1
DA:57,1
DA:58,1
DA:59,1
DA:60,1
DA:61,1
DA:62,1
DA:63,1
DA:64,1
DA:65,1
DA:66,1
DA:67,1
DA:68,1
DA:69,1
DA:70,1
DA:71,1
DA:72,1
DA:73,1
DA:74,1
DA:75,1
DA:76,1
DA:77,1
DA:78,1
DA:79,1
DA:80,1
DA:81,1
DA:82,1
DA:83,46
DA:84,46
DA:85,1
DA:86,1
DA:87,1
DA:88,1
DA:89,42
DA:90,42
DA:91,24
DA:92,28
DA:93,24
DA:94,24
DA:95,24
DA:96,28
DA:97,24
DA:98,24
DA:99,24
DA:100,24
DA:101,28
DA:102,28
DA:103,28
DA:104,28
DA:105,28
DA:106,28
DA:107,24
DA:108,24
DA:109,24
DA:110,24
DA:111,42
DA:112,42
DA:113,42
DA:114,42
DA:115,42
DA:116,0
DA:117,42
DA:118,42
DA:119,42
DA:120,42
DA:121,42
DA:122,42
DA:123,42
DA:124,42
DA:125,42
DA:126,23
DA:127,42
DA:128,7
DA:129,19
DA:130,12
DA:131,11
DA:132,12
DA:133,11
DA:134,12
DA:135,1
DA:136,1
DA:137,42
DA:138,42
DA:139,42
DA:140,1
DA:141,1
DA:142,1
DA:143,1
DA:144,1
DA:145,1
DA:146,2
DA:147,2
DA:148,2
DA:149,1
DA:150,1
DA:151,1
DA:152,1
DA:153,1
DA:154,15
DA:155,15
DA:156,15
DA:157,15
DA:158,15
DA:159,15
DA:160,15
DA:161,15
DA:162,15
DA:163,15
DA:164,15
DA:165,15
DA:166,15
DA:167,15
DA:168,15
DA:169,15
DA:170,15
DA:171,15
DA:172,1
DA:173,1
DA:174,14
DA:175,14
DA:176,14
DA:177,14
DA:178,14
DA:179,14
DA:180,14
DA:181,14
DA:182,14
DA:183,14
DA:184,1
DA:185,1
DA:186,1
LF:186
LH:185
BRDA:82,0,0,46
BRDA:88,1,0,42
BRDA:90,2,0,18
BRDA:90,3,0,24
BRDA:114,4,0,18
BRDA:115,5,0,0
BRDA:125,6,0,24
BRDA:125,7,0,23
BRDA:127,8,0,19
BRDA:127,9,0,8
BRDA:127,10,0,7
BRDA:129,11,0,12
BRDA:130,12,0,11
BRDA:132,13,0,11
BRDA:134,14,0,1
BRDA:91,15,0,28
BRDA:95,16,0,28
BRDA:100,17,0,28
BRDA:105,18,0,0
BRDA:119,19,0,22
BRDA:143,20,0,1
BRDA:145,21,0,2
BRDA:153,22,0,15
BRDA:171,23,0,1
BRDA:173,24,0,14
BRF:25
BRH:23
end_of_record
TN:
SF:tests\mongo.helper.js
FN:6,Object.<anonymous>.module.exports.connect
FN:12,Object.<anonymous>.module.exports.closeDatabase
FN:20,Object.<anonymous>.module.exports.clearDatabase
FNF:3
FNH:3
FNDA:2,Object.<anonymous>.module.exports.connect
FNDA:2,Object.<anonymous>.module.exports.closeDatabase
FNDA:29,Object.<anonymous>.module.exports.clearDatabase
DA:1,1
DA:2,1
DA:3,1
DA:4,1
DA:5,1
DA:6,1
DA:7,2
DA:8,2
DA:9,2
DA:10,2
DA:11,1
DA:12,1
DA:13,2
DA:14,2
DA:15,2
DA:16,2
DA:17,2
DA:18,2
DA:19,1
DA:20,1
DA:21,29
DA:22,29
DA:23,58
DA:24,58
DA:25,58
DA:26,29
LF:26
LH:26
BRDA:6,0,0,2
BRDA:12,1,0,2
BRDA:20,2,0,29
BRDA:22,3,0,58
BRF:4
BRH:4
end_of_record
